2026-03-17 19:41:13,759 INFO o.a.j.u.JMeterUtils: Setting Locale to en_EN
2026-03-17 19:41:13,771 INFO o.a.j.JMeter: Loading user properties from: /opt/homebrew/Cellar/jmeter/5.6.3/libexec/bin/user.properties
2026-03-17 19:41:13,771 INFO o.a.j.JMeter: Loading system properties from: /opt/homebrew/Cellar/jmeter/5.6.3/libexec/bin/system.properties
2026-03-17 19:41:13,771 INFO o.a.j.JMeter: Loading additional properties from: /Users/perry/Documents/zptest/jmeter/env.properties
2026-03-17 19:41:13,771 INFO o.a.j.JMeter: Setting JMeter property: run.profile=perf_answer
2026-03-17 19:41:13,771 INFO o.a.j.JMeter: Setting JMeter property: perf.answer.threads=1
2026-03-17 19:41:13,771 INFO o.a.j.JMeter: Setting JMeter property: perf.answer.duration.seconds=8
2026-03-17 19:41:13,771 INFO o.a.j.JMeter: Setting JMeter property: perf.answer.rampup=1
2026-03-17 19:41:13,774 INFO o.a.j.JMeter: Copyright (c) 1998-2024 The Apache Software Foundation
2026-03-17 19:41:13,774 INFO o.a.j.JMeter: Version 5.6.3
2026-03-17 19:41:13,774 INFO o.a.j.JMeter: java.version=21.0.10
2026-03-17 19:41:13,774 INFO o.a.j.JMeter: java.vm.name=OpenJDK 64-Bit Server VM
2026-03-17 19:41:13,774 INFO o.a.j.JMeter: os.name=Mac OS X
2026-03-17 19:41:13,774 INFO o.a.j.JMeter: os.arch=aarch64
2026-03-17 19:41:13,774 INFO o.a.j.JMeter: os.version=26.3.1
2026-03-17 19:41:13,774 INFO o.a.j.JMeter: file.encoding=UTF-8
2026-03-17 19:41:13,774 INFO o.a.j.JMeter: java.awt.headless=true
2026-03-17 19:41:13,774 INFO o.a.j.JMeter: Max memory     =1073741824
2026-03-17 19:41:13,775 INFO o.a.j.JMeter: Available Processors =8
2026-03-17 19:41:13,779 INFO o.a.j.JMeter: Default Locale=English (EN)
2026-03-17 19:41:13,780 INFO o.a.j.JMeter: JMeter  Locale=English (EN)
2026-03-17 19:41:13,780 INFO o.a.j.JMeter: JMeterHome=/opt/homebrew/Cellar/jmeter/5.6.3/libexec
2026-03-17 19:41:13,780 INFO o.a.j.JMeter: user.dir  =/Users/perry/Documents/zptest
2026-03-17 19:41:13,780 INFO o.a.j.JMeter: PWD       =/Users/perry/Documents/zptest
2026-03-17 19:41:13,783 INFO o.a.j.JMeter: IP: 127.0.0.1 Name: perrydeMacBook-Air.local FullName: localhost
2026-03-17 19:41:13,789 INFO o.a.j.s.FileServer: Default base='/Users/perry/Documents/zptest'
2026-03-17 19:41:13,789 INFO o.a.j.s.FileServer: Set new base='/Users/perry/Documents/zptest/jmeter'
2026-03-17 19:41:13,882 INFO o.a.j.s.SaveService: Testplan (JMX) version: 2.2. Testlog (JTL) version: 2.2
2026-03-17 19:41:13,899 INFO o.a.j.s.SaveService: Using SaveService properties version 5.0
2026-03-17 19:41:13,901 INFO o.a.j.s.SaveService: Using SaveService properties file encoding UTF-8
2026-03-17 19:41:13,903 INFO o.a.j.s.SaveService: Loading file: /Users/perry/Documents/zptest/jmeter/test-plan.jmx
2026-03-17 19:41:13,922 INFO o.a.j.p.h.c.CookieManager: Settings: Delete null: true Check: true Allow variable: true Save: false Prefix: COOKIE_
2026-03-17 19:41:13,923 INFO o.a.j.p.h.c.CacheManager: Will only cache the following methods: [GET]
2026-03-17 19:41:13,962 INFO o.a.j.p.h.s.HTTPSamplerBase: Parser for text/html is org.apache.jmeter.protocol.http.parser.LagartoBasedHtmlParser
2026-03-17 19:41:13,962 INFO o.a.j.p.h.s.HTTPSamplerBase: Parser for application/xhtml+xml is org.apache.jmeter.protocol.http.parser.LagartoBasedHtmlParser
2026-03-17 19:41:13,962 INFO o.a.j.p.h.s.HTTPSamplerBase: Parser for application/xml is org.apache.jmeter.protocol.http.parser.LagartoBasedHtmlParser
2026-03-17 19:41:13,962 INFO o.a.j.p.h.s.HTTPSamplerBase: Parser for text/xml is org.apache.jmeter.protocol.http.parser.LagartoBasedHtmlParser
2026-03-17 19:41:13,962 INFO o.a.j.p.h.s.HTTPSamplerBase: Parser for text/vnd.wap.wml is org.apache.jmeter.protocol.http.parser.RegexpHTMLParser
2026-03-17 19:41:13,962 INFO o.a.j.p.h.s.HTTPSamplerBase: Parser for text/css is org.apache.jmeter.protocol.http.parser.CssParser
2026-03-17 19:41:14,005 INFO o.a.j.JMeter: Creating summariser <summary>
2026-03-17 19:41:14,021 INFO o.a.j.e.StandardJMeterEngine: Running the test!
2026-03-17 19:41:14,022 INFO o.a.j.s.SampleEvent: List of sample_variables: [username, answerSignature]
2026-03-17 19:41:14,023 INFO o.a.j.s.SampleEvent: List of sample_variables: [username, answerSignature]
2026-03-17 19:41:14,026 INFO o.a.j.e.u.CompoundVariable: Note: Function class names must contain the string: '.functions.'
2026-03-17 19:41:14,026 INFO o.a.j.e.u.CompoundVariable: Note: Function class names must not contain the string: '.gui.'
2026-03-17 19:41:14,049 INFO o.a.j.r.ClassFinder: Will scan jar /opt/homebrew/Cellar/jmeter/5.6.3/libexec/lib/ext/jmeter-plugins-manager-1.9.jar with filter ExtendsClassFilter [parents=[interface org.apache.jmeter.functions.Function], inner=false, contains=null, notContains=null]. Consider exposing JMeter plugins via META-INF/services, and add JMeter-Skip-Class-Scanning=true manifest attribute so JMeter can skip classfile scanning
2026-03-17 19:41:14,249 INFO o.a.j.JMeter: Running test (1773747674249)
2026-03-17 19:41:14,263 INFO o.a.j.e.StandardJMeterEngine: Starting ThreadGroup: 1 : TG-01 Functional-MainFlow
2026-03-17 19:41:14,553 INFO o.a.j.e.StandardJMeterEngine: Starting 0 threads for group TG-01 Functional-MainFlow.
2026-03-17 19:41:14,553 INFO o.a.j.e.StandardJMeterEngine: Thread will continue on error
2026-03-17 19:41:14,553 INFO o.a.j.t.ThreadGroup: Starting thread group... number=1 threads=0 ramp-up=2 delayedStart=false
2026-03-17 19:41:14,553 INFO o.a.j.t.ThreadGroup: Started thread group number 1
2026-03-17 19:41:14,553 INFO o.a.j.e.StandardJMeterEngine: Starting ThreadGroup: 2 : TG-02 Session-KeepAlive
2026-03-17 19:41:14,560 INFO o.a.j.e.StandardJMeterEngine: Starting 0 threads for group TG-02 Session-KeepAlive.
2026-03-17 19:41:14,561 INFO o.a.j.e.StandardJMeterEngine: Thread will continue on error
2026-03-17 19:41:14,561 INFO o.a.j.t.ThreadGroup: Starting thread group... number=2 threads=0 ramp-up=1 delayedStart=false
2026-03-17 19:41:14,561 INFO o.a.j.t.ThreadGroup: Started thread group number 2
2026-03-17 19:41:14,561 INFO o.a.j.e.StandardJMeterEngine: Starting ThreadGroup: 3 : TG-03 Exception-And-Boundary
2026-03-17 19:41:14,569 INFO o.a.j.e.StandardJMeterEngine: Starting 0 threads for group TG-03 Exception-And-Boundary.
2026-03-17 19:41:14,569 INFO o.a.j.e.StandardJMeterEngine: Thread will continue on error
2026-03-17 19:41:14,569 INFO o.a.j.t.ThreadGroup: Starting thread group... number=3 threads=0 ramp-up=1 delayedStart=false
2026-03-17 19:41:14,569 INFO o.a.j.t.ThreadGroup: Started thread group number 3
2026-03-17 19:41:14,569 INFO o.a.j.e.StandardJMeterEngine: Starting ThreadGroup: 4 : TG-04 Perf-Login-Focus
2026-03-17 19:41:14,576 INFO o.a.j.e.StandardJMeterEngine: Starting 0 threads for group TG-04 Perf-Login-Focus.
2026-03-17 19:41:14,576 INFO o.a.j.e.StandardJMeterEngine: Thread will continue on error
2026-03-17 19:41:14,577 INFO o.a.j.t.ThreadGroup: Starting thread group... number=4 threads=0 ramp-up=10 delayedStart=false
2026-03-17 19:41:14,577 INFO o.a.j.t.ThreadGroup: Started thread group number 4
2026-03-17 19:41:14,577 INFO o.a.j.e.StandardJMeterEngine: Starting ThreadGroup: 5 : TG-05 Perf-saveQuestionAnswer-Focus
2026-03-17 19:41:14,586 INFO o.a.j.e.StandardJMeterEngine: Starting 1 threads for group TG-05 Perf-saveQuestionAnswer-Focus.
2026-03-17 19:41:14,586 INFO o.a.j.e.StandardJMeterEngine: Thread will continue on error
2026-03-17 19:41:14,586 INFO o.a.j.t.ThreadGroup: Starting thread group... number=5 threads=1 ramp-up=1 delayedStart=false
2026-03-17 19:41:14,588 INFO o.a.j.t.ThreadGroup: Started thread group number 5
2026-03-17 19:41:14,588 INFO o.a.j.e.StandardJMeterEngine: Starting ThreadGroup: 6 : TG-06 Perf-Mixed-LongSession(4Accounts)
2026-03-17 19:41:14,595 INFO o.a.j.t.JMeterThread: Thread started: TG-05 Perf-saveQuestionAnswer-Focus 5-1
2026-03-17 19:41:14,595 INFO o.a.j.s.FileServer: Stored: jmeter/data/accounts.csv
2026-03-17 19:41:14,595 INFO o.a.j.e.StandardJMeterEngine: Starting 0 threads for group TG-06 Perf-Mixed-LongSession(4Accounts).
2026-03-17 19:41:14,595 INFO o.a.j.e.StandardJMeterEngine: Thread will continue on error
2026-03-17 19:41:14,596 INFO o.a.j.t.ThreadGroup: Starting thread group... number=6 threads=0 ramp-up=5 delayedStart=false
2026-03-17 19:41:14,596 INFO o.a.j.t.ThreadGroup: Started thread group number 6
2026-03-17 19:41:14,596 INFO o.a.j.e.StandardJMeterEngine: All thread groups have been started
2026-03-17 19:41:14,605 INFO o.a.j.s.SampleResult: Note: Sample TimeStamps are START times
2026-03-17 19:41:14,605 INFO o.a.j.s.SampleResult: sampleresult.default.encoding is set to UTF-8
2026-03-17 19:41:14,605 INFO o.a.j.s.SampleResult: sampleresult.useNanoTime=true
2026-03-17 19:41:14,606 INFO o.a.j.s.SampleResult: sampleresult.nanoThreadSleep=5000
2026-03-17 19:41:14,678 INFO o.a.j.p.h.s.HTTPHCAbstractImpl: Local host = perrydeMacBook-Air.local
2026-03-17 19:41:14,680 INFO o.a.j.p.h.s.HTTPHC4Impl: HTTP request retry count = 0
2026-03-17 19:41:15,651 ERROR o.a.j.e.JSR223PostProcessor: Problem in JSR223 script, Parse question ids - perf answer
javax.script.ScriptException: groovy.lang.MissingPropertyException: No such property: content for class: java.lang.String
	at org.codehaus.groovy.jsr223.GroovyScriptEngineImpl.eval(GroovyScriptEngineImpl.java:320) ~[groovy-jsr223-3.0.20.jar:3.0.20]
	at org.codehaus.groovy.jsr223.GroovyCompiledScript.eval(GroovyCompiledScript.java:71) ~[groovy-jsr223-3.0.20.jar:3.0.20]
	at java.scripting/javax.script.CompiledScript.eval(CompiledScript.java:93) ~[java.scripting:?]
	at org.apache.jmeter.util.JSR223TestElement.processFileOrScript(JSR223TestElement.java:230) ~[ApacheJMeter_core.jar:5.6.3]
	at org.apache.jmeter.extractor.JSR223PostProcessor.process(JSR223PostProcessor.java:45) ~[ApacheJMeter_components.jar:5.6.3]
	at org.apache.jmeter.threads.JMeterThread.runPostProcessors(JMeterThread.java:973) ~[ApacheJMeter_core.jar:5.6.3]
	at org.apache.jmeter.threads.JMeterThread.executeSamplePackage(JMeterThread.java:585) ~[ApacheJMeter_core.jar:5.6.3]
	at org.apache.jmeter.threads.JMeterThread.processSampler(JMeterThread.java:501) ~[ApacheJMeter_core.jar:5.6.3]
	at org.apache.jmeter.threads.JMeterThread.run(JMeterThread.java:268) ~[ApacheJMeter_core.jar:5.6.3]
	at java.base/java.lang.Thread.run(Thread.java:1583) [?:?]
Caused by: groovy.lang.MissingPropertyException: No such property: content for class: java.lang.String
	at org.codehaus.groovy.runtime.ScriptBytecodeAdapter.unwrap(ScriptBytecodeAdapter.java:65) ~[groovy-3.0.20.jar:3.0.20]
	at org.codehaus.groovy.runtime.callsite.GetEffectivePojoPropertySite.getProperty(GetEffectivePojoPropertySite.java:65) ~[groovy-3.0.20.jar:3.0.20]
	at org.codehaus.groovy.runtime.callsite.AbstractCallSite.callGetProperty(AbstractCallSite.java:329) ~[groovy-3.0.20.jar:3.0.20]
	at org.codehaus.groovy.runtime.callsite.AbstractCallSite.callGetPropertySafe(AbstractCallSite.java:448) ~[groovy-3.0.20.jar:3.0.20]
	at Script9.run(Script9.groovy:4) ~[?:?]
	at org.codehaus.groovy.jsr223.GroovyScriptEngineImpl.eval(GroovyScriptEngineImpl.java:317) ~[groovy-jsr223-3.0.20.jar:3.0.20]
	... 9 more
2026-03-17 19:41:15,808 ERROR o.a.j.e.JSR223PostProcessor: Problem in JSR223 script, Parse question ids - perf answer
javax.script.ScriptException: groovy.lang.MissingPropertyException: No such property: content for class: java.lang.String
	at org.codehaus.groovy.jsr223.GroovyScriptEngineImpl.eval(GroovyScriptEngineImpl.java:320) ~[groovy-jsr223-3.0.20.jar:3.0.20]
	at org.codehaus.groovy.jsr223.GroovyCompiledScript.eval(GroovyCompiledScript.java:71) ~[groovy-jsr223-3.0.20.jar:3.0.20]
	at java.scripting/javax.script.CompiledScript.eval(CompiledScript.java:93) ~[java.scripting:?]
	at org.apache.jmeter.util.JSR223TestElement.processFileOrScript(JSR223TestElement.java:230) ~[ApacheJMeter_core.jar:5.6.3]
	at org.apache.jmeter.extractor.JSR223PostProcessor.process(JSR223PostProcessor.java:45) ~[ApacheJMeter_components.jar:5.6.3]
	at org.apache.jmeter.threads.JMeterThread.runPostProcessors(JMeterThread.java:973) ~[ApacheJMeter_core.jar:5.6.3]
	at org.apache.jmeter.threads.JMeterThread.executeSamplePackage(JMeterThread.java:585) ~[ApacheJMeter_core.jar:5.6.3]
	at org.apache.jmeter.threads.JMeterThread.processSampler(JMeterThread.java:501) ~[ApacheJMeter_core.jar:5.6.3]
	at org.apache.jmeter.threads.JMeterThread.run(JMeterThread.java:268) ~[ApacheJMeter_core.jar:5.6.3]
	at java.base/java.lang.Thread.run(Thread.java:1583) [?:?]
Caused by: groovy.lang.MissingPropertyException: No such property: content for class: java.lang.String
	at org.codehaus.groovy.runtime.ScriptBytecodeAdapter.unwrap(ScriptBytecodeAdapter.java:65) ~[groovy-3.0.20.jar:3.0.20]
	at org.codehaus.groovy.runtime.callsite.GetEffectivePojoPropertySite.getProperty(GetEffectivePojoPropertySite.java:65) ~[groovy-3.0.20.jar:3.0.20]
	at org.codehaus.groovy.runtime.callsite.AbstractCallSite.callGetProperty(AbstractCallSite.java:329) ~[groovy-3.0.20.jar:3.0.20]
	at org.codehaus.groovy.runtime.callsite.AbstractCallSite.callGetPropertySafe(AbstractCallSite.java:448) ~[groovy-3.0.20.jar:3.0.20]
	at Script9.run(Script9.groovy:4) ~[?:?]
	at org.codehaus.groovy.jsr223.GroovyScriptEngineImpl.eval(GroovyScriptEngineImpl.java:317) ~[groovy-jsr223-3.0.20.jar:3.0.20]
	... 9 more
2026-03-17 19:41:15,959 ERROR o.a.j.e.JSR223PostProcessor: Problem in JSR223 script, Parse question ids - perf answer
javax.script.ScriptException: groovy.lang.MissingPropertyException: No such property: content for class: java.lang.String
	at org.codehaus.groovy.jsr223.GroovyScriptEngineImpl.eval(GroovyScriptEngineImpl.java:320) ~[groovy-jsr223-3.0.20.jar:3.0.20]
	at org.codehaus.groovy.jsr223.GroovyCompiledScript.eval(GroovyCompiledScript.java:71) ~[groovy-jsr223-3.0.20.jar:3.0.20]
	at java.scripting/javax.script.CompiledScript.eval(CompiledScript.java:93) ~[java.scripting:?]
	at org.apache.jmeter.util.JSR223TestElement.processFileOrScript(JSR223TestElement.java:230) ~[ApacheJMeter_core.jar:5.6.3]
	at org.apache.jmeter.extractor.JSR223PostProcessor.process(JSR223PostProcessor.java:45) ~[ApacheJMeter_components.jar:5.6.3]
	at org.apache.jmeter.threads.JMeterThread.runPostProcessors(JMeterThread.java:973) ~[ApacheJMeter_core.jar:5.6.3]
	at org.apache.jmeter.threads.JMeterThread.executeSamplePackage(JMeterThread.java:585) ~[ApacheJMeter_core.jar:5.6.3]
	at org.apache.jmeter.threads.JMeterThread.processSampler(JMeterThread.java:501) ~[ApacheJMeter_core.jar:5.6.3]
	at org.apache.jmeter.threads.JMeterThread.run(JMeterThread.java:268) ~[ApacheJMeter_core.jar:5.6.3]
	at java.base/java.lang.Thread.run(Thread.java:1583) [?:?]
Caused by: groovy.lang.MissingPropertyException: No such property: content for class: java.lang.String
	at org.codehaus.groovy.runtime.ScriptBytecodeAdapter.unwrap(ScriptBytecodeAdapter.java:65) ~[groovy-3.0.20.jar:3.0.20]
	at org.codehaus.groovy.runtime.callsite.GetEffectivePojoPropertySite.getProperty(GetEffectivePojoPropertySite.java:65) ~[groovy-3.0.20.jar:3.0.20]
	at org.codehaus.groovy.runtime.callsite.AbstractCallSite.callGetProperty(AbstractCallSite.java:329) ~[groovy-3.0.20.jar:3.0.20]
	at org.codehaus.groovy.runtime.callsite.AbstractCallSite.callGetPropertySafe(AbstractCallSite.java:448) ~[groovy-3.0.20.jar:3.0.20]
	at Script9.run(Script9.groovy:4) ~[?:?]
	at org.codehaus.groovy.jsr223.GroovyScriptEngineImpl.eval(GroovyScriptEngineImpl.java:317) ~[groovy-jsr223-3.0.20.jar:3.0.20]
	... 9 more
2026-03-17 19:41:16,123 ERROR o.a.j.e.JSR223PostProcessor: Problem in JSR223 script, Parse question ids - perf answer
javax.script.ScriptException: groovy.lang.MissingPropertyException: No such property: content for class: java.lang.String
	at org.codehaus.groovy.jsr223.GroovyScriptEngineImpl.eval(GroovyScriptEngineImpl.java:320) ~[groovy-jsr223-3.0.20.jar:3.0.20]
	at org.codehaus.groovy.jsr223.GroovyCompiledScript.eval(GroovyCompiledScript.java:71) ~[groovy-jsr223-3.0.20.jar:3.0.20]
	at java.scripting/javax.script.CompiledScript.eval(CompiledScript.java:93) ~[java.scripting:?]
	at org.apache.jmeter.util.JSR223TestElement.processFileOrScript(JSR223TestElement.java:230) ~[ApacheJMeter_core.jar:5.6.3]
	at org.apache.jmeter.extractor.JSR223PostProcessor.process(JSR223PostProcessor.java:45) ~[ApacheJMeter_components.jar:5.6.3]
	at org.apache.jmeter.threads.JMeterThread.runPostProcessors(JMeterThread.java:973) ~[ApacheJMeter_core.jar:5.6.3]
	at org.apache.jmeter.threads.JMeterThread.executeSamplePackage(JMeterThread.java:585) ~[ApacheJMeter_core.jar:5.6.3]
	at org.apache.jmeter.threads.JMeterThread.processSampler(JMeterThread.java:501) ~[ApacheJMeter_core.jar:5.6.3]
	at org.apache.jmeter.threads.JMeterThread.run(JMeterThread.java:268) ~[ApacheJMeter_core.jar:5.6.3]
	at java.base/java.lang.Thread.run(Thread.java:1583) [?:?]
Caused by: groovy.lang.MissingPropertyException: No such property: content for class: java.lang.String
	at org.codehaus.groovy.runtime.ScriptBytecodeAdapter.unwrap(ScriptBytecodeAdapter.java:65) ~[groovy-3.0.20.jar:3.0.20]
	at org.codehaus.groovy.runtime.callsite.GetEffectivePojoPropertySite.getProperty(GetEffectivePojoPropertySite.java:65) ~[groovy-3.0.20.jar:3.0.20]
	at org.codehaus.groovy.runtime.callsite.AbstractCallSite.callGetProperty(AbstractCallSite.java:329) ~[groovy-3.0.20.jar:3.0.20]
	at org.codehaus.groovy.runtime.callsite.AbstractCallSite.callGetPropertySafe(AbstractCallSite.java:448) ~[groovy-3.0.20.jar:3.0.20]
	at Script9.run(Script9.groovy:4) ~[?:?]
	at org.codehaus.groovy.jsr223.GroovyScriptEngineImpl.eval(GroovyScriptEngineImpl.java:317) ~[groovy-jsr223-3.0.20.jar:3.0.20]
	... 9 more
2026-03-17 19:41:16,289 ERROR o.a.j.e.JSR223PostProcessor: Problem in JSR223 script, Parse question ids - perf answer
javax.script.ScriptException: groovy.lang.MissingPropertyException: No such property: content for class: java.lang.String
	at org.codehaus.groovy.jsr223.GroovyScriptEngineImpl.eval(GroovyScriptEngineImpl.java:320) ~[groovy-jsr223-3.0.20.jar:3.0.20]
	at org.codehaus.groovy.jsr223.GroovyCompiledScript.eval(GroovyCompiledScript.java:71) ~[groovy-jsr223-3.0.20.jar:3.0.20]
	at java.scripting/javax.script.CompiledScript.eval(CompiledScript.java:93) ~[java.scripting:?]
	at org.apache.jmeter.util.JSR223TestElement.processFileOrScript(JSR223TestElement.java:230) ~[ApacheJMeter_core.jar:5.6.3]
	at org.apache.jmeter.extractor.JSR223PostProcessor.process(JSR223PostProcessor.java:45) ~[ApacheJMeter_components.jar:5.6.3]
	at org.apache.jmeter.threads.JMeterThread.runPostProcessors(JMeterThread.java:973) ~[ApacheJMeter_core.jar:5.6.3]
	at org.apache.jmeter.threads.JMeterThread.executeSamplePackage(JMeterThread.java:585) ~[ApacheJMeter_core.jar:5.6.3]
	at org.apache.jmeter.threads.JMeterThread.processSampler(JMeterThread.java:501) ~[ApacheJMeter_core.jar:5.6.3]
	at org.apache.jmeter.threads.JMeterThread.run(JMeterThread.java:268) ~[ApacheJMeter_core.jar:5.6.3]
	at java.base/java.lang.Thread.run(Thread.java:1583) [?:?]
Caused by: groovy.lang.MissingPropertyException: No such property: content for class: java.lang.String
	at org.codehaus.groovy.runtime.ScriptBytecodeAdapter.unwrap(ScriptBytecodeAdapter.java:65) ~[groovy-3.0.20.jar:3.0.20]
	at org.codehaus.groovy.runtime.callsite.GetEffectivePojoPropertySite.getProperty(GetEffectivePojoPropertySite.java:65) ~[groovy-3.0.20.jar:3.0.20]
	at org.codehaus.groovy.runtime.callsite.AbstractCallSite.callGetProperty(AbstractCallSite.java:329) ~[groovy-3.0.20.jar:3.0.20]
	at org.codehaus.groovy.runtime.callsite.AbstractCallSite.callGetPropertySafe(AbstractCallSite.java:448) ~[groovy-3.0.20.jar:3.0.20]
	at Script9.run(Script9.groovy:4) ~[?:?]
	at org.codehaus.groovy.jsr223.GroovyScriptEngineImpl.eval(GroovyScriptEngineImpl.java:317) ~[groovy-jsr223-3.0.20.jar:3.0.20]
	... 9 more
2026-03-17 19:41:16,462 ERROR o.a.j.e.JSR223PostProcessor: Problem in JSR223 script, Parse question ids - perf answer
javax.script.ScriptException: groovy.lang.MissingPropertyException: No such property: content for class: java.lang.String
	at org.codehaus.groovy.jsr223.GroovyScriptEngineImpl.eval(GroovyScriptEngineImpl.java:320) ~[groovy-jsr223-3.0.20.jar:3.0.20]
	at org.codehaus.groovy.jsr223.GroovyCompiledScript.eval(GroovyCompiledScript.java:71) ~[groovy-jsr223-3.0.20.jar:3.0.20]
	at java.scripting/javax.script.CompiledScript.eval(CompiledScript.java:93) ~[java.scripting:?]
	at org.apache.jmeter.util.JSR223TestElement.processFileOrScript(JSR223TestElement.java:230) ~[ApacheJMeter_core.jar:5.6.3]
	at org.apache.jmeter.extractor.JSR223PostProcessor.process(JSR223PostProcessor.java:45) ~[ApacheJMeter_components.jar:5.6.3]
	at org.apache.jmeter.threads.JMeterThread.runPostProcessors(JMeterThread.java:973) ~[ApacheJMeter_core.jar:5.6.3]
	at org.apache.jmeter.threads.JMeterThread.executeSamplePackage(JMeterThread.java:585) ~[ApacheJMeter_core.jar:5.6.3]
	at org.apache.jmeter.threads.JMeterThread.processSampler(JMeterThread.java:501) ~[ApacheJMeter_core.jar:5.6.3]
	at org.apache.jmeter.threads.JMeterThread.run(JMeterThread.java:268) ~[ApacheJMeter_core.jar:5.6.3]
	at java.base/java.lang.Thread.run(Thread.java:1583) [?:?]
Caused by: groovy.lang.MissingPropertyException: No such property: content for class: java.lang.String
	at org.codehaus.groovy.runtime.ScriptBytecodeAdapter.unwrap(ScriptBytecodeAdapter.java:65) ~[groovy-3.0.20.jar:3.0.20]
	at org.codehaus.groovy.runtime.callsite.GetEffectivePojoPropertySite.getProperty(GetEffectivePojoPropertySite.java:65) ~[groovy-3.0.20.jar:3.0.20]
	at org.codehaus.groovy.runtime.callsite.AbstractCallSite.callGetProperty(AbstractCallSite.java:329) ~[groovy-3.0.20.jar:3.0.20]
	at org.codehaus.groovy.runtime.callsite.AbstractCallSite.callGetPropertySafe(AbstractCallSite.java:448) ~[groovy-3.0.20.jar:3.0.20]
	at Script9.run(Script9.groovy:4) ~[?:?]
	at org.codehaus.groovy.jsr223.GroovyScriptEngineImpl.eval(GroovyScriptEngineImpl.java:317) ~[groovy-jsr223-3.0.20.jar:3.0.20]
	... 9 more
2026-03-17 19:41:16,630 ERROR o.a.j.e.JSR223PostProcessor: Problem in JSR223 script, Parse question ids - perf answer
javax.script.ScriptException: groovy.lang.MissingPropertyException: No such property: content for class: java.lang.String
	at org.codehaus.groovy.jsr223.GroovyScriptEngineImpl.eval(GroovyScriptEngineImpl.java:320) ~[groovy-jsr223-3.0.20.jar:3.0.20]
	at org.codehaus.groovy.jsr223.GroovyCompiledScript.eval(GroovyCompiledScript.java:71) ~[groovy-jsr223-3.0.20.jar:3.0.20]
	at java.scripting/javax.script.CompiledScript.eval(CompiledScript.java:93) ~[java.scripting:?]
	at org.apache.jmeter.util.JSR223TestElement.processFileOrScript(JSR223TestElement.java:230) ~[ApacheJMeter_core.jar:5.6.3]
	at org.apache.jmeter.extractor.JSR223PostProcessor.process(JSR223PostProcessor.java:45) ~[ApacheJMeter_components.jar:5.6.3]
	at org.apache.jmeter.threads.JMeterThread.runPostProcessors(JMeterThread.java:973) ~[ApacheJMeter_core.jar:5.6.3]
	at org.apache.jmeter.threads.JMeterThread.executeSamplePackage(JMeterThread.java:585) ~[ApacheJMeter_core.jar:5.6.3]
	at org.apache.jmeter.threads.JMeterThread.processSampler(JMeterThread.java:501) ~[ApacheJMeter_core.jar:5.6.3]
	at org.apache.jmeter.threads.JMeterThread.run(JMeterThread.java:268) ~[ApacheJMeter_core.jar:5.6.3]
	at java.base/java.lang.Thread.run(Thread.java:1583) [?:?]
Caused by: groovy.lang.MissingPropertyException: No such property: content for class: java.lang.String
	at org.codehaus.groovy.runtime.ScriptBytecodeAdapter.unwrap(ScriptBytecodeAdapter.java:65) ~[groovy-3.0.20.jar:3.0.20]
	at org.codehaus.groovy.runtime.callsite.GetEffectivePojoPropertySite.getProperty(GetEffectivePojoPropertySite.java:65) ~[groovy-3.0.20.jar:3.0.20]
	at org.codehaus.groovy.runtime.callsite.AbstractCallSite.callGetProperty(AbstractCallSite.java:329) ~[groovy-3.0.20.jar:3.0.20]
	at org.codehaus.groovy.runtime.callsite.AbstractCallSite.callGetPropertySafe(AbstractCallSite.java:448) ~[groovy-3.0.20.jar:3.0.20]
	at Script9.run(Script9.groovy:4) ~[?:?]
	at org.codehaus.groovy.jsr223.GroovyScriptEngineImpl.eval(GroovyScriptEngineImpl.java:317) ~[groovy-jsr223-3.0.20.jar:3.0.20]
	... 9 more
2026-03-17 19:41:16,794 ERROR o.a.j.e.JSR223PostProcessor: Problem in JSR223 script, Parse question ids - perf answer
javax.script.ScriptException: groovy.lang.MissingPropertyException: No such property: content for class: java.lang.String
	at org.codehaus.groovy.jsr223.GroovyScriptEngineImpl.eval(GroovyScriptEngineImpl.java:320) ~[groovy-jsr223-3.0.20.jar:3.0.20]
	at org.codehaus.groovy.jsr223.GroovyCompiledScript.eval(GroovyCompiledScript.java:71) ~[groovy-jsr223-3.0.20.jar:3.0.20]
	at java.scripting/javax.script.CompiledScript.eval(CompiledScript.java:93) ~[java.scripting:?]
	at org.apache.jmeter.util.JSR223TestElement.processFileOrScript(JSR223TestElement.java:230) ~[ApacheJMeter_core.jar:5.6.3]
	at org.apache.jmeter.extractor.JSR223PostProcessor.process(JSR223PostProcessor.java:45) ~[ApacheJMeter_components.jar:5.6.3]
	at org.apache.jmeter.threads.JMeterThread.runPostProcessors(JMeterThread.java:973) ~[ApacheJMeter_core.jar:5.6.3]
	at org.apache.jmeter.threads.JMeterThread.executeSamplePackage(JMeterThread.java:585) ~[ApacheJMeter_core.jar:5.6.3]
	at org.apache.jmeter.threads.JMeterThread.processSampler(JMeterThread.java:501) ~[ApacheJMeter_core.jar:5.6.3]
	at org.apache.jmeter.threads.JMeterThread.run(JMeterThread.java:268) ~[ApacheJMeter_core.jar:5.6.3]
	at java.base/java.lang.Thread.run(Thread.java:1583) [?:?]
Caused by: groovy.lang.MissingPropertyException: No such property: content for class: java.lang.String
	at org.codehaus.groovy.runtime.ScriptBytecodeAdapter.unwrap(ScriptBytecodeAdapter.java:65) ~[groovy-3.0.20.jar:3.0.20]
	at org.codehaus.groovy.runtime.callsite.GetEffectivePojoPropertySite.getProperty(GetEffectivePojoPropertySite.java:65) ~[groovy-3.0.20.jar:3.0.20]
	at org.codehaus.groovy.runtime.callsite.AbstractCallSite.callGetProperty(AbstractCallSite.java:329) ~[groovy-3.0.20.jar:3.0.20]
	at org.codehaus.groovy.runtime.callsite.AbstractCallSite.callGetPropertySafe(AbstractCallSite.java:448) ~[groovy-3.0.20.jar:3.0.20]
	at Script9.run(Script9.groovy:4) ~[?:?]
	at org.codehaus.groovy.jsr223.GroovyScriptEngineImpl.eval(GroovyScriptEngineImpl.java:317) ~[groovy-jsr223-3.0.20.jar:3.0.20]
	... 9 more
2026-03-17 19:41:16,963 ERROR o.a.j.e.JSR223PostProcessor: Problem in JSR223 script, Parse question ids - perf answer
javax.script.ScriptException: groovy.lang.MissingPropertyException: No such property: content for class: java.lang.String
	at org.codehaus.groovy.jsr223.GroovyScriptEngineImpl.eval(GroovyScriptEngineImpl.java:320) ~[groovy-jsr223-3.0.20.jar:3.0.20]
	at org.codehaus.groovy.jsr223.GroovyCompiledScript.eval(GroovyCompiledScript.java:71) ~[groovy-jsr223-3.0.20.jar:3.0.20]
	at java.scripting/javax.script.CompiledScript.eval(CompiledScript.java:93) ~[java.scripting:?]
	at org.apache.jmeter.util.JSR223TestElement.processFileOrScript(JSR223TestElement.java:230) ~[ApacheJMeter_core.jar:5.6.3]
	at org.apache.jmeter.extractor.JSR223PostProcessor.process(JSR223PostProcessor.java:45) ~[ApacheJMeter_components.jar:5.6.3]
	at org.apache.jmeter.threads.JMeterThread.runPostProcessors(JMeterThread.java:973) ~[ApacheJMeter_core.jar:5.6.3]
	at org.apache.jmeter.threads.JMeterThread.executeSamplePackage(JMeterThread.java:585) ~[ApacheJMeter_core.jar:5.6.3]
	at org.apache.jmeter.threads.JMeterThread.processSampler(JMeterThread.java:501) ~[ApacheJMeter_core.jar:5.6.3]
	at org.apache.jmeter.threads.JMeterThread.run(JMeterThread.java:268) ~[ApacheJMeter_core.jar:5.6.3]
	at java.base/java.lang.Thread.run(Thread.java:1583) [?:?]
Caused by: groovy.lang.MissingPropertyException: No such property: content for class: java.lang.String
	at org.codehaus.groovy.runtime.ScriptBytecodeAdapter.unwrap(ScriptBytecodeAdapter.java:65) ~[groovy-3.0.20.jar:3.0.20]
	at org.codehaus.groovy.runtime.callsite.GetEffectivePojoPropertySite.getProperty(GetEffectivePojoPropertySite.java:65) ~[groovy-3.0.20.jar:3.0.20]
	at org.codehaus.groovy.runtime.callsite.AbstractCallSite.callGetProperty(AbstractCallSite.java:329) ~[groovy-3.0.20.jar:3.0.20]
	at org.codehaus.groovy.runtime.callsite.AbstractCallSite.callGetPropertySafe(AbstractCallSite.java:448) ~[groovy-3.0.20.jar:3.0.20]
	at Script9.run(Script9.groovy:4) ~[?:?]
	at org.codehaus.groovy.jsr223.GroovyScriptEngineImpl.eval(GroovyScriptEngineImpl.java:317) ~[groovy-jsr223-3.0.20.jar:3.0.20]
	... 9 more
2026-03-17 19:41:17,138 ERROR o.a.j.e.JSR223PostProcessor: Problem in JSR223 script, Parse question ids - perf answer
javax.script.ScriptException: groovy.lang.MissingPropertyException: No such property: content for class: java.lang.String
	at org.codehaus.groovy.jsr223.GroovyScriptEngineImpl.eval(GroovyScriptEngineImpl.java:320) ~[groovy-jsr223-3.0.20.jar:3.0.20]
	at org.codehaus.groovy.jsr223.GroovyCompiledScript.eval(GroovyCompiledScript.java:71) ~[groovy-jsr223-3.0.20.jar:3.0.20]
	at java.scripting/javax.script.CompiledScript.eval(CompiledScript.java:93) ~[java.scripting:?]
	at org.apache.jmeter.util.JSR223TestElement.processFileOrScript(JSR223TestElement.java:230) ~[ApacheJMeter_core.jar:5.6.3]
	at org.apache.jmeter.extractor.JSR223PostProcessor.process(JSR223PostProcessor.java:45) ~[ApacheJMeter_components.jar:5.6.3]
	at org.apache.jmeter.threads.JMeterThread.runPostProcessors(JMeterThread.java:973) ~[ApacheJMeter_core.jar:5.6.3]
	at org.apache.jmeter.threads.JMeterThread.executeSamplePackage(JMeterThread.java:585) ~[ApacheJMeter_core.jar:5.6.3]
	at org.apache.jmeter.threads.JMeterThread.processSampler(JMeterThread.java:501) ~[ApacheJMeter_core.jar:5.6.3]
	at org.apache.jmeter.threads.JMeterThread.run(JMeterThread.java:268) ~[ApacheJMeter_core.jar:5.6.3]
	at java.base/java.lang.Thread.run(Thread.java:1583) [?:?]
Caused by: groovy.lang.MissingPropertyException: No such property: content for class: java.lang.String
	at org.codehaus.groovy.runtime.ScriptBytecodeAdapter.unwrap(ScriptBytecodeAdapter.java:65) ~[groovy-3.0.20.jar:3.0.20]
	at org.codehaus.groovy.runtime.callsite.GetEffectivePojoPropertySite.getProperty(GetEffectivePojoPropertySite.java:65) ~[groovy-3.0.20.jar:3.0.20]
	at org.codehaus.groovy.runtime.callsite.AbstractCallSite.callGetProperty(AbstractCallSite.java:329) ~[groovy-3.0.20.jar:3.0.20]
	at org.codehaus.groovy.runtime.callsite.AbstractCallSite.callGetPropertySafe(AbstractCallSite.java:448) ~[groovy-3.0.20.jar:3.0.20]
	at Script9.run(Script9.groovy:4) ~[?:?]
	at org.codehaus.groovy.jsr223.GroovyScriptEngineImpl.eval(GroovyScriptEngineImpl.java:317) ~[groovy-jsr223-3.0.20.jar:3.0.20]
	... 9 more
2026-03-17 19:41:17,315 ERROR o.a.j.e.JSR223PostProcessor: Problem in JSR223 script, Parse question ids - perf answer
javax.script.ScriptException: groovy.lang.MissingPropertyException: No such property: content for class: java.lang.String
	at org.codehaus.groovy.jsr223.GroovyScriptEngineImpl.eval(GroovyScriptEngineImpl.java:320) ~[groovy-jsr223-3.0.20.jar:3.0.20]
	at org.codehaus.groovy.jsr223.GroovyCompiledScript.eval(GroovyCompiledScript.java:71) ~[groovy-jsr223-3.0.20.jar:3.0.20]
	at java.scripting/javax.script.CompiledScript.eval(CompiledScript.java:93) ~[java.scripting:?]
	at org.apache.jmeter.util.JSR223TestElement.processFileOrScript(JSR223TestElement.java:230) ~[ApacheJMeter_core.jar:5.6.3]
	at org.apache.jmeter.extractor.JSR223PostProcessor.process(JSR223PostProcessor.java:45) ~[ApacheJMeter_components.jar:5.6.3]
	at org.apache.jmeter.threads.JMeterThread.runPostProcessors(JMeterThread.java:973) ~[ApacheJMeter_core.jar:5.6.3]
	at org.apache.jmeter.threads.JMeterThread.executeSamplePackage(JMeterThread.java:585) ~[ApacheJMeter_core.jar:5.6.3]
	at org.apache.jmeter.threads.JMeterThread.processSampler(JMeterThread.java:501) ~[ApacheJMeter_core.jar:5.6.3]
	at org.apache.jmeter.threads.JMeterThread.run(JMeterThread.java:268) ~[ApacheJMeter_core.jar:5.6.3]
	at java.base/java.lang.Thread.run(Thread.java:1583) [?:?]
Caused by: groovy.lang.MissingPropertyException: No such property: content for class: java.lang.String
	at org.codehaus.groovy.runtime.ScriptBytecodeAdapter.unwrap(ScriptBytecodeAdapter.java:65) ~[groovy-3.0.20.jar:3.0.20]
	at org.codehaus.groovy.runtime.callsite.GetEffectivePojoPropertySite.getProperty(GetEffectivePojoPropertySite.java:65) ~[groovy-3.0.20.jar:3.0.20]
	at org.codehaus.groovy.runtime.callsite.AbstractCallSite.callGetProperty(AbstractCallSite.java:329) ~[groovy-3.0.20.jar:3.0.20]
	at org.codehaus.groovy.runtime.callsite.AbstractCallSite.callGetPropertySafe(AbstractCallSite.java:448) ~[groovy-3.0.20.jar:3.0.20]
	at Script9.run(Script9.groovy:4) ~[?:?]
	at org.codehaus.groovy.jsr223.GroovyScriptEngineImpl.eval(GroovyScriptEngineImpl.java:317) ~[groovy-jsr223-3.0.20.jar:3.0.20]
	... 9 more
2026-03-17 19:41:17,487 ERROR o.a.j.e.JSR223PostProcessor: Problem in JSR223 script, Parse question ids - perf answer
javax.script.ScriptException: groovy.lang.MissingPropertyException: No such property: content for class: java.lang.String
	at org.codehaus.groovy.jsr223.GroovyScriptEngineImpl.eval(GroovyScriptEngineImpl.java:320) ~[groovy-jsr223-3.0.20.jar:3.0.20]
	at org.codehaus.groovy.jsr223.GroovyCompiledScript.eval(GroovyCompiledScript.java:71) ~[groovy-jsr223-3.0.20.jar:3.0.20]
	at java.scripting/javax.script.CompiledScript.eval(CompiledScript.java:93) ~[java.scripting:?]
	at org.apache.jmeter.util.JSR223TestElement.processFileOrScript(JSR223TestElement.java:230) ~[ApacheJMeter_core.jar:5.6.3]
	at org.apache.jmeter.extractor.JSR223PostProcessor.process(JSR223PostProcessor.java:45) ~[ApacheJMeter_components.jar:5.6.3]
	at org.apache.jmeter.threads.JMeterThread.runPostProcessors(JMeterThread.java:973) ~[ApacheJMeter_core.jar:5.6.3]
	at org.apache.jmeter.threads.JMeterThread.executeSamplePackage(JMeterThread.java:585) ~[ApacheJMeter_core.jar:5.6.3]
	at org.apache.jmeter.threads.JMeterThread.processSampler(JMeterThread.java:501) ~[ApacheJMeter_core.jar:5.6.3]
	at org.apache.jmeter.threads.JMeterThread.run(JMeterThread.java:268) ~[ApacheJMeter_core.jar:5.6.3]
	at java.base/java.lang.Thread.run(Thread.java:1583) [?:?]
Caused by: groovy.lang.MissingPropertyException: No such property: content for class: java.lang.String
	at org.codehaus.groovy.runtime.ScriptBytecodeAdapter.unwrap(ScriptBytecodeAdapter.java:65) ~[groovy-3.0.20.jar:3.0.20]
	at org.codehaus.groovy.runtime.callsite.GetEffectivePojoPropertySite.getProperty(GetEffectivePojoPropertySite.java:65) ~[groovy-3.0.20.jar:3.0.20]
	at org.codehaus.groovy.runtime.callsite.AbstractCallSite.callGetProperty(AbstractCallSite.java:329) ~[groovy-3.0.20.jar:3.0.20]
	at org.codehaus.groovy.runtime.callsite.AbstractCallSite.callGetPropertySafe(AbstractCallSite.java:448) ~[groovy-3.0.20.jar:3.0.20]
	at Script9.run(Script9.groovy:4) ~[?:?]
	at org.codehaus.groovy.jsr223.GroovyScriptEngineImpl.eval(GroovyScriptEngineImpl.java:317) ~[groovy-jsr223-3.0.20.jar:3.0.20]
	... 9 more
2026-03-17 19:41:17,656 ERROR o.a.j.e.JSR223PostProcessor: Problem in JSR223 script, Parse question ids - perf answer
javax.script.ScriptException: groovy.lang.MissingPropertyException: No such property: content for class: java.lang.String
	at org.codehaus.groovy.jsr223.GroovyScriptEngineImpl.eval(GroovyScriptEngineImpl.java:320) ~[groovy-jsr223-3.0.20.jar:3.0.20]
	at org.codehaus.groovy.jsr223.GroovyCompiledScript.eval(GroovyCompiledScript.java:71) ~[groovy-jsr223-3.0.20.jar:3.0.20]
	at java.scripting/javax.script.CompiledScript.eval(CompiledScript.java:93) ~[java.scripting:?]
	at org.apache.jmeter.util.JSR223TestElement.processFileOrScript(JSR223TestElement.java:230) ~[ApacheJMeter_core.jar:5.6.3]
	at org.apache.jmeter.extractor.JSR223PostProcessor.process(JSR223PostProcessor.java:45) ~[ApacheJMeter_components.jar:5.6.3]
	at org.apache.jmeter.threads.JMeterThread.runPostProcessors(JMeterThread.java:973) ~[ApacheJMeter_core.jar:5.6.3]
	at org.apache.jmeter.threads.JMeterThread.executeSamplePackage(JMeterThread.java:585) ~[ApacheJMeter_core.jar:5.6.3]
	at org.apache.jmeter.threads.JMeterThread.processSampler(JMeterThread.java:501) ~[ApacheJMeter_core.jar:5.6.3]
	at org.apache.jmeter.threads.JMeterThread.run(JMeterThread.java:268) ~[ApacheJMeter_core.jar:5.6.3]
	at java.base/java.lang.Thread.run(Thread.java:1583) [?:?]
Caused by: groovy.lang.MissingPropertyException: No such property: content for class: java.lang.String
	at org.codehaus.groovy.runtime.ScriptBytecodeAdapter.unwrap(ScriptBytecodeAdapter.java:65) ~[groovy-3.0.20.jar:3.0.20]
	at org.codehaus.groovy.runtime.callsite.GetEffectivePojoPropertySite.getProperty(GetEffectivePojoPropertySite.java:65) ~[groovy-3.0.20.jar:3.0.20]
	at org.codehaus.groovy.runtime.callsite.AbstractCallSite.callGetProperty(AbstractCallSite.java:329) ~[groovy-3.0.20.jar:3.0.20]
	at org.codehaus.groovy.runtime.callsite.AbstractCallSite.callGetPropertySafe(AbstractCallSite.java:448) ~[groovy-3.0.20.jar:3.0.20]
	at Script9.run(Script9.groovy:4) ~[?:?]
	at org.codehaus.groovy.jsr223.GroovyScriptEngineImpl.eval(GroovyScriptEngineImpl.java:317) ~[groovy-jsr223-3.0.20.jar:3.0.20]
	... 9 more
2026-03-17 19:41:17,827 ERROR o.a.j.e.JSR223PostProcessor: Problem in JSR223 script, Parse question ids - perf answer
javax.script.ScriptException: groovy.lang.MissingPropertyException: No such property: content for class: java.lang.String
	at org.codehaus.groovy.jsr223.GroovyScriptEngineImpl.eval(GroovyScriptEngineImpl.java:320) ~[groovy-jsr223-3.0.20.jar:3.0.20]
	at org.codehaus.groovy.jsr223.GroovyCompiledScript.eval(GroovyCompiledScript.java:71) ~[groovy-jsr223-3.0.20.jar:3.0.20]
	at java.scripting/javax.script.CompiledScript.eval(CompiledScript.java:93) ~[java.scripting:?]
	at org.apache.jmeter.util.JSR223TestElement.processFileOrScript(JSR223TestElement.java:230) ~[ApacheJMeter_core.jar:5.6.3]
	at org.apache.jmeter.extractor.JSR223PostProcessor.process(JSR223PostProcessor.java:45) ~[ApacheJMeter_components.jar:5.6.3]
	at org.apache.jmeter.threads.JMeterThread.runPostProcessors(JMeterThread.java:973) ~[ApacheJMeter_core.jar:5.6.3]
	at org.apache.jmeter.threads.JMeterThread.executeSamplePackage(JMeterThread.java:585) ~[ApacheJMeter_core.jar:5.6.3]
	at org.apache.jmeter.threads.JMeterThread.processSampler(JMeterThread.java:501) ~[ApacheJMeter_core.jar:5.6.3]
	at org.apache.jmeter.threads.JMeterThread.run(JMeterThread.java:268) ~[ApacheJMeter_core.jar:5.6.3]
	at java.base/java.lang.Thread.run(Thread.java:1583) [?:?]
Caused by: groovy.lang.MissingPropertyException: No such property: content for class: java.lang.String
	at org.codehaus.groovy.runtime.ScriptBytecodeAdapter.unwrap(ScriptBytecodeAdapter.java:65) ~[groovy-3.0.20.jar:3.0.20]
	at org.codehaus.groovy.runtime.callsite.GetEffectivePojoPropertySite.getProperty(GetEffectivePojoPropertySite.java:65) ~[groovy-3.0.20.jar:3.0.20]
	at org.codehaus.groovy.runtime.callsite.AbstractCallSite.callGetProperty(AbstractCallSite.java:329) ~[groovy-3.0.20.jar:3.0.20]
	at org.codehaus.groovy.runtime.callsite.AbstractCallSite.callGetPropertySafe(AbstractCallSite.java:448) ~[groovy-3.0.20.jar:3.0.20]
	at Script9.run(Script9.groovy:4) ~[?:?]
	at org.codehaus.groovy.jsr223.GroovyScriptEngineImpl.eval(GroovyScriptEngineImpl.java:317) ~[groovy-jsr223-3.0.20.jar:3.0.20]
	... 9 more
2026-03-17 19:41:17,997 ERROR o.a.j.e.JSR223PostProcessor: Problem in JSR223 script, Parse question ids - perf answer
javax.script.ScriptException: groovy.lang.MissingPropertyException: No such property: content for class: java.lang.String
	at org.codehaus.groovy.jsr223.GroovyScriptEngineImpl.eval(GroovyScriptEngineImpl.java:320) ~[groovy-jsr223-3.0.20.jar:3.0.20]
	at org.codehaus.groovy.jsr223.GroovyCompiledScript.eval(GroovyCompiledScript.java:71) ~[groovy-jsr223-3.0.20.jar:3.0.20]
	at java.scripting/javax.script.CompiledScript.eval(CompiledScript.java:93) ~[java.scripting:?]
	at org.apache.jmeter.util.JSR223TestElement.processFileOrScript(JSR223TestElement.java:230) ~[ApacheJMeter_core.jar:5.6.3]
	at org.apache.jmeter.extractor.JSR223PostProcessor.process(JSR223PostProcessor.java:45) ~[ApacheJMeter_components.jar:5.6.3]
	at org.apache.jmeter.threads.JMeterThread.runPostProcessors(JMeterThread.java:973) ~[ApacheJMeter_core.jar:5.6.3]
	at org.apache.jmeter.threads.JMeterThread.executeSamplePackage(JMeterThread.java:585) ~[ApacheJMeter_core.jar:5.6.3]
	at org.apache.jmeter.threads.JMeterThread.processSampler(JMeterThread.java:501) ~[ApacheJMeter_core.jar:5.6.3]
	at org.apache.jmeter.threads.JMeterThread.run(JMeterThread.java:268) ~[ApacheJMeter_core.jar:5.6.3]
	at java.base/java.lang.Thread.run(Thread.java:1583) [?:?]
Caused by: groovy.lang.MissingPropertyException: No such property: content for class: java.lang.String
	at org.codehaus.groovy.runtime.ScriptBytecodeAdapter.unwrap(ScriptBytecodeAdapter.java:65) ~[groovy-3.0.20.jar:3.0.20]
	at org.codehaus.groovy.runtime.callsite.GetEffectivePojoPropertySite.getProperty(GetEffectivePojoPropertySite.java:65) ~[groovy-3.0.20.jar:3.0.20]
	at org.codehaus.groovy.runtime.callsite.AbstractCallSite.callGetProperty(AbstractCallSite.java:329) ~[groovy-3.0.20.jar:3.0.20]
	at org.codehaus.groovy.runtime.callsite.AbstractCallSite.callGetPropertySafe(AbstractCallSite.java:448) ~[groovy-3.0.20.jar:3.0.20]
	at Script9.run(Script9.groovy:4) ~[?:?]
	at org.codehaus.groovy.jsr223.GroovyScriptEngineImpl.eval(GroovyScriptEngineImpl.java:317) ~[groovy-jsr223-3.0.20.jar:3.0.20]
	... 9 more
2026-03-17 19:41:18,176 ERROR o.a.j.e.JSR223PostProcessor: Problem in JSR223 script, Parse question ids - perf answer
javax.script.ScriptException: groovy.lang.MissingPropertyException: No such property: content for class: java.lang.String
	at org.codehaus.groovy.jsr223.GroovyScriptEngineImpl.eval(GroovyScriptEngineImpl.java:320) ~[groovy-jsr223-3.0.20.jar:3.0.20]
	at org.codehaus.groovy.jsr223.GroovyCompiledScript.eval(GroovyCompiledScript.java:71) ~[groovy-jsr223-3.0.20.jar:3.0.20]
	at java.scripting/javax.script.CompiledScript.eval(CompiledScript.java:93) ~[java.scripting:?]
	at org.apache.jmeter.util.JSR223TestElement.processFileOrScript(JSR223TestElement.java:230) ~[ApacheJMeter_core.jar:5.6.3]
	at org.apache.jmeter.extractor.JSR223PostProcessor.process(JSR223PostProcessor.java:45) ~[ApacheJMeter_components.jar:5.6.3]
	at org.apache.jmeter.threads.JMeterThread.runPostProcessors(JMeterThread.java:973) ~[ApacheJMeter_core.jar:5.6.3]
	at org.apache.jmeter.threads.JMeterThread.executeSamplePackage(JMeterThread.java:585) ~[ApacheJMeter_core.jar:5.6.3]
	at org.apache.jmeter.threads.JMeterThread.processSampler(JMeterThread.java:501) ~[ApacheJMeter_core.jar:5.6.3]
	at org.apache.jmeter.threads.JMeterThread.run(JMeterThread.java:268) ~[ApacheJMeter_core.jar:5.6.3]
	at java.base/java.lang.Thread.run(Thread.java:1583) [?:?]
Caused by: groovy.lang.MissingPropertyException: No such property: content for class: java.lang.String
	at org.codehaus.groovy.runtime.ScriptBytecodeAdapter.unwrap(ScriptBytecodeAdapter.java:65) ~[groovy-3.0.20.jar:3.0.20]
	at org.codehaus.groovy.runtime.callsite.GetEffectivePojoPropertySite.getProperty(GetEffectivePojoPropertySite.java:65) ~[groovy-3.0.20.jar:3.0.20]
	at org.codehaus.groovy.runtime.callsite.AbstractCallSite.callGetProperty(AbstractCallSite.java:329) ~[groovy-3.0.20.jar:3.0.20]
	at org.codehaus.groovy.runtime.callsite.AbstractCallSite.callGetPropertySafe(AbstractCallSite.java:448) ~[groovy-3.0.20.jar:3.0.20]
	at Script9.run(Script9.groovy:4) ~[?:?]
	at org.codehaus.groovy.jsr223.GroovyScriptEngineImpl.eval(GroovyScriptEngineImpl.java:317) ~[groovy-jsr223-3.0.20.jar:3.0.20]
	... 9 more
2026-03-17 19:41:18,353 ERROR o.a.j.e.JSR223PostProcessor: Problem in JSR223 script, Parse question ids - perf answer
javax.script.ScriptException: groovy.lang.MissingPropertyException: No such property: content for class: java.lang.String
	at org.codehaus.groovy.jsr223.GroovyScriptEngineImpl.eval(GroovyScriptEngineImpl.java:320) ~[groovy-jsr223-3.0.20.jar:3.0.20]
	at org.codehaus.groovy.jsr223.GroovyCompiledScript.eval(GroovyCompiledScript.java:71) ~[groovy-jsr223-3.0.20.jar:3.0.20]
	at java.scripting/javax.script.CompiledScript.eval(CompiledScript.java:93) ~[java.scripting:?]
	at org.apache.jmeter.util.JSR223TestElement.processFileOrScript(JSR223TestElement.java:230) ~[ApacheJMeter_core.jar:5.6.3]
	at org.apache.jmeter.extractor.JSR223PostProcessor.process(JSR223PostProcessor.java:45) ~[ApacheJMeter_components.jar:5.6.3]
	at org.apache.jmeter.threads.JMeterThread.runPostProcessors(JMeterThread.java:973) ~[ApacheJMeter_core.jar:5.6.3]
	at org.apache.jmeter.threads.JMeterThread.executeSamplePackage(JMeterThread.java:585) ~[ApacheJMeter_core.jar:5.6.3]
	at org.apache.jmeter.threads.JMeterThread.processSampler(JMeterThread.java:501) ~[ApacheJMeter_core.jar:5.6.3]
	at org.apache.jmeter.threads.JMeterThread.run(JMeterThread.java:268) ~[ApacheJMeter_core.jar:5.6.3]
	at java.base/java.lang.Thread.run(Thread.java:1583) [?:?]
Caused by: groovy.lang.MissingPropertyException: No such property: content for class: java.lang.String
	at org.codehaus.groovy.runtime.ScriptBytecodeAdapter.unwrap(ScriptBytecodeAdapter.java:65) ~[groovy-3.0.20.jar:3.0.20]
	at org.codehaus.groovy.runtime.callsite.GetEffectivePojoPropertySite.getProperty(GetEffectivePojoPropertySite.java:65) ~[groovy-3.0.20.jar:3.0.20]
	at org.codehaus.groovy.runtime.callsite.AbstractCallSite.callGetProperty(AbstractCallSite.java:329) ~[groovy-3.0.20.jar:3.0.20]
	at org.codehaus.groovy.runtime.callsite.AbstractCallSite.callGetPropertySafe(AbstractCallSite.java:448) ~[groovy-3.0.20.jar:3.0.20]
	at Script9.run(Script9.groovy:4) ~[?:?]
	at org.codehaus.groovy.jsr223.GroovyScriptEngineImpl.eval(GroovyScriptEngineImpl.java:317) ~[groovy-jsr223-3.0.20.jar:3.0.20]
	... 9 more
2026-03-17 19:41:18,522 ERROR o.a.j.e.JSR223PostProcessor: Problem in JSR223 script, Parse question ids - perf answer
javax.script.ScriptException: groovy.lang.MissingPropertyException: No such property: content for class: java.lang.String
	at org.codehaus.groovy.jsr223.GroovyScriptEngineImpl.eval(GroovyScriptEngineImpl.java:320) ~[groovy-jsr223-3.0.20.jar:3.0.20]
	at org.codehaus.groovy.jsr223.GroovyCompiledScript.eval(GroovyCompiledScript.java:71) ~[groovy-jsr223-3.0.20.jar:3.0.20]
	at java.scripting/javax.script.CompiledScript.eval(CompiledScript.java:93) ~[java.scripting:?]
	at org.apache.jmeter.util.JSR223TestElement.processFileOrScript(JSR223TestElement.java:230) ~[ApacheJMeter_core.jar:5.6.3]
	at org.apache.jmeter.extractor.JSR223PostProcessor.process(JSR223PostProcessor.java:45) ~[ApacheJMeter_components.jar:5.6.3]
	at org.apache.jmeter.threads.JMeterThread.runPostProcessors(JMeterThread.java:973) ~[ApacheJMeter_core.jar:5.6.3]
	at org.apache.jmeter.threads.JMeterThread.executeSamplePackage(JMeterThread.java:585) ~[ApacheJMeter_core.jar:5.6.3]
	at org.apache.jmeter.threads.JMeterThread.processSampler(JMeterThread.java:501) ~[ApacheJMeter_core.jar:5.6.3]
	at org.apache.jmeter.threads.JMeterThread.run(JMeterThread.java:268) ~[ApacheJMeter_core.jar:5.6.3]
	at java.base/java.lang.Thread.run(Thread.java:1583) [?:?]
Caused by: groovy.lang.MissingPropertyException: No such property: content for class: java.lang.String
	at org.codehaus.groovy.runtime.ScriptBytecodeAdapter.unwrap(ScriptBytecodeAdapter.java:65) ~[groovy-3.0.20.jar:3.0.20]
	at org.codehaus.groovy.runtime.callsite.GetEffectivePojoPropertySite.getProperty(GetEffectivePojoPropertySite.java:65) ~[groovy-3.0.20.jar:3.0.20]
	at org.codehaus.groovy.runtime.callsite.AbstractCallSite.callGetProperty(AbstractCallSite.java:329) ~[groovy-3.0.20.jar:3.0.20]
	at org.codehaus.groovy.runtime.callsite.AbstractCallSite.callGetPropertySafe(AbstractCallSite.java:448) ~[groovy-3.0.20.jar:3.0.20]
	at Script9.run(Script9.groovy:4) ~[?:?]
	at org.codehaus.groovy.jsr223.GroovyScriptEngineImpl.eval(GroovyScriptEngineImpl.java:317) ~[groovy-jsr223-3.0.20.jar:3.0.20]
	... 9 more
2026-03-17 19:41:18,693 ERROR o.a.j.e.JSR223PostProcessor: Problem in JSR223 script, Parse question ids - perf answer
javax.script.ScriptException: groovy.lang.MissingPropertyException: No such property: content for class: java.lang.String
	at org.codehaus.groovy.jsr223.GroovyScriptEngineImpl.eval(GroovyScriptEngineImpl.java:320) ~[groovy-jsr223-3.0.20.jar:3.0.20]
	at org.codehaus.groovy.jsr223.GroovyCompiledScript.eval(GroovyCompiledScript.java:71) ~[groovy-jsr223-3.0.20.jar:3.0.20]
	at java.scripting/javax.script.CompiledScript.eval(CompiledScript.java:93) ~[java.scripting:?]
	at org.apache.jmeter.util.JSR223TestElement.processFileOrScript(JSR223TestElement.java:230) ~[ApacheJMeter_core.jar:5.6.3]
	at org.apache.jmeter.extractor.JSR223PostProcessor.process(JSR223PostProcessor.java:45) ~[ApacheJMeter_components.jar:5.6.3]
	at org.apache.jmeter.threads.JMeterThread.runPostProcessors(JMeterThread.java:973) ~[ApacheJMeter_core.jar:5.6.3]
	at org.apache.jmeter.threads.JMeterThread.executeSamplePackage(JMeterThread.java:585) ~[ApacheJMeter_core.jar:5.6.3]
	at org.apache.jmeter.threads.JMeterThread.processSampler(JMeterThread.java:501) ~[ApacheJMeter_core.jar:5.6.3]
	at org.apache.jmeter.threads.JMeterThread.run(JMeterThread.java:268) ~[ApacheJMeter_core.jar:5.6.3]
	at java.base/java.lang.Thread.run(Thread.java:1583) [?:?]
Caused by: groovy.lang.MissingPropertyException: No such property: content for class: java.lang.String
	at org.codehaus.groovy.runtime.ScriptBytecodeAdapter.unwrap(ScriptBytecodeAdapter.java:65) ~[groovy-3.0.20.jar:3.0.20]
	at org.codehaus.groovy.runtime.callsite.GetEffectivePojoPropertySite.getProperty(GetEffectivePojoPropertySite.java:65) ~[groovy-3.0.20.jar:3.0.20]
	at org.codehaus.groovy.runtime.callsite.AbstractCallSite.callGetProperty(AbstractCallSite.java:329) ~[groovy-3.0.20.jar:3.0.20]
	at org.codehaus.groovy.runtime.callsite.AbstractCallSite.callGetPropertySafe(AbstractCallSite.java:448) ~[groovy-3.0.20.jar:3.0.20]
	at Script9.run(Script9.groovy:4) ~[?:?]
	at org.codehaus.groovy.jsr223.GroovyScriptEngineImpl.eval(GroovyScriptEngineImpl.java:317) ~[groovy-jsr223-3.0.20.jar:3.0.20]
	... 9 more
2026-03-17 19:41:18,865 ERROR o.a.j.e.JSR223PostProcessor: Problem in JSR223 script, Parse question ids - perf answer
javax.script.ScriptException: groovy.lang.MissingPropertyException: No such property: content for class: java.lang.String
	at org.codehaus.groovy.jsr223.GroovyScriptEngineImpl.eval(GroovyScriptEngineImpl.java:320) ~[groovy-jsr223-3.0.20.jar:3.0.20]
	at org.codehaus.groovy.jsr223.GroovyCompiledScript.eval(GroovyCompiledScript.java:71) ~[groovy-jsr223-3.0.20.jar:3.0.20]
	at java.scripting/javax.script.CompiledScript.eval(CompiledScript.java:93) ~[java.scripting:?]
	at org.apache.jmeter.util.JSR223TestElement.processFileOrScript(JSR223TestElement.java:230) ~[ApacheJMeter_core.jar:5.6.3]
	at org.apache.jmeter.extractor.JSR223PostProcessor.process(JSR223PostProcessor.java:45) ~[ApacheJMeter_components.jar:5.6.3]
	at org.apache.jmeter.threads.JMeterThread.runPostProcessors(JMeterThread.java:973) ~[ApacheJMeter_core.jar:5.6.3]
	at org.apache.jmeter.threads.JMeterThread.executeSamplePackage(JMeterThread.java:585) ~[ApacheJMeter_core.jar:5.6.3]
	at org.apache.jmeter.threads.JMeterThread.processSampler(JMeterThread.java:501) ~[ApacheJMeter_core.jar:5.6.3]
	at org.apache.jmeter.threads.JMeterThread.run(JMeterThread.java:268) ~[ApacheJMeter_core.jar:5.6.3]
	at java.base/java.lang.Thread.run(Thread.java:1583) [?:?]
Caused by: groovy.lang.MissingPropertyException: No such property: content for class: java.lang.String
	at org.codehaus.groovy.runtime.ScriptBytecodeAdapter.unwrap(ScriptBytecodeAdapter.java:65) ~[groovy-3.0.20.jar:3.0.20]
	at org.codehaus.groovy.runtime.callsite.GetEffectivePojoPropertySite.getProperty(GetEffectivePojoPropertySite.java:65) ~[groovy-3.0.20.jar:3.0.20]
	at org.codehaus.groovy.runtime.callsite.AbstractCallSite.callGetProperty(AbstractCallSite.java:329) ~[groovy-3.0.20.jar:3.0.20]
	at org.codehaus.groovy.runtime.callsite.AbstractCallSite.callGetPropertySafe(AbstractCallSite.java:448) ~[groovy-3.0.20.jar:3.0.20]
	at Script9.run(Script9.groovy:4) ~[?:?]
	at org.codehaus.groovy.jsr223.GroovyScriptEngineImpl.eval(GroovyScriptEngineImpl.java:317) ~[groovy-jsr223-3.0.20.jar:3.0.20]
	... 9 more
2026-03-17 19:41:19,033 ERROR o.a.j.e.JSR223PostProcessor: Problem in JSR223 script, Parse question ids - perf answer
javax.script.ScriptException: groovy.lang.MissingPropertyException: No such property: content for class: java.lang.String
	at org.codehaus.groovy.jsr223.GroovyScriptEngineImpl.eval(GroovyScriptEngineImpl.java:320) ~[groovy-jsr223-3.0.20.jar:3.0.20]
	at org.codehaus.groovy.jsr223.GroovyCompiledScript.eval(GroovyCompiledScript.java:71) ~[groovy-jsr223-3.0.20.jar:3.0.20]
	at java.scripting/javax.script.CompiledScript.eval(CompiledScript.java:93) ~[java.scripting:?]
	at org.apache.jmeter.util.JSR223TestElement.processFileOrScript(JSR223TestElement.java:230) ~[ApacheJMeter_core.jar:5.6.3]
	at org.apache.jmeter.extractor.JSR223PostProcessor.process(JSR223PostProcessor.java:45) ~[ApacheJMeter_components.jar:5.6.3]
	at org.apache.jmeter.threads.JMeterThread.runPostProcessors(JMeterThread.java:973) ~[ApacheJMeter_core.jar:5.6.3]
	at org.apache.jmeter.threads.JMeterThread.executeSamplePackage(JMeterThread.java:585) ~[ApacheJMeter_core.jar:5.6.3]
	at org.apache.jmeter.threads.JMeterThread.processSampler(JMeterThread.java:501) ~[ApacheJMeter_core.jar:5.6.3]
	at org.apache.jmeter.threads.JMeterThread.run(JMeterThread.java:268) ~[ApacheJMeter_core.jar:5.6.3]
	at java.base/java.lang.Thread.run(Thread.java:1583) [?:?]
Caused by: groovy.lang.MissingPropertyException: No such property: content for class: java.lang.String
	at org.codehaus.groovy.runtime.ScriptBytecodeAdapter.unwrap(ScriptBytecodeAdapter.java:65) ~[groovy-3.0.20.jar:3.0.20]
	at org.codehaus.groovy.runtime.callsite.GetEffectivePojoPropertySite.getProperty(GetEffectivePojoPropertySite.java:65) ~[groovy-3.0.20.jar:3.0.20]
	at org.codehaus.groovy.runtime.callsite.AbstractCallSite.callGetProperty(AbstractCallSite.java:329) ~[groovy-3.0.20.jar:3.0.20]
	at org.codehaus.groovy.runtime.callsite.AbstractCallSite.callGetPropertySafe(AbstractCallSite.java:448) ~[groovy-3.0.20.jar:3.0.20]
	at Script9.run(Script9.groovy:4) ~[?:?]
	at org.codehaus.groovy.jsr223.GroovyScriptEngineImpl.eval(GroovyScriptEngineImpl.java:317) ~[groovy-jsr223-3.0.20.jar:3.0.20]
	... 9 more
2026-03-17 19:41:19,197 ERROR o.a.j.e.JSR223PostProcessor: Problem in JSR223 script, Parse question ids - perf answer
javax.script.ScriptException: groovy.lang.MissingPropertyException: No such property: content for class: java.lang.String
	at org.codehaus.groovy.jsr223.GroovyScriptEngineImpl.eval(GroovyScriptEngineImpl.java:320) ~[groovy-jsr223-3.0.20.jar:3.0.20]
	at org.codehaus.groovy.jsr223.GroovyCompiledScript.eval(GroovyCompiledScript.java:71) ~[groovy-jsr223-3.0.20.jar:3.0.20]
	at java.scripting/javax.script.CompiledScript.eval(CompiledScript.java:93) ~[java.scripting:?]
	at org.apache.jmeter.util.JSR223TestElement.processFileOrScript(JSR223TestElement.java:230) ~[ApacheJMeter_core.jar:5.6.3]
	at org.apache.jmeter.extractor.JSR223PostProcessor.process(JSR223PostProcessor.java:45) ~[ApacheJMeter_components.jar:5.6.3]
	at org.apache.jmeter.threads.JMeterThread.runPostProcessors(JMeterThread.java:973) ~[ApacheJMeter_core.jar:5.6.3]
	at org.apache.jmeter.threads.JMeterThread.executeSamplePackage(JMeterThread.java:585) ~[ApacheJMeter_core.jar:5.6.3]
	at org.apache.jmeter.threads.JMeterThread.processSampler(JMeterThread.java:501) ~[ApacheJMeter_core.jar:5.6.3]
	at org.apache.jmeter.threads.JMeterThread.run(JMeterThread.java:268) ~[ApacheJMeter_core.jar:5.6.3]
	at java.base/java.lang.Thread.run(Thread.java:1583) [?:?]
Caused by: groovy.lang.MissingPropertyException: No such property: content for class: java.lang.String
	at org.codehaus.groovy.runtime.ScriptBytecodeAdapter.unwrap(ScriptBytecodeAdapter.java:65) ~[groovy-3.0.20.jar:3.0.20]
	at org.codehaus.groovy.runtime.callsite.GetEffectivePojoPropertySite.getProperty(GetEffectivePojoPropertySite.java:65) ~[groovy-3.0.20.jar:3.0.20]
	at org.codehaus.groovy.runtime.callsite.AbstractCallSite.callGetProperty(AbstractCallSite.java:329) ~[groovy-3.0.20.jar:3.0.20]
	at org.codehaus.groovy.runtime.callsite.AbstractCallSite.callGetPropertySafe(AbstractCallSite.java:448) ~[groovy-3.0.20.jar:3.0.20]
	at Script9.run(Script9.groovy:4) ~[?:?]
	at org.codehaus.groovy.jsr223.GroovyScriptEngineImpl.eval(GroovyScriptEngineImpl.java:317) ~[groovy-jsr223-3.0.20.jar:3.0.20]
	... 9 more
2026-03-17 19:41:19,372 ERROR o.a.j.e.JSR223PostProcessor: Problem in JSR223 script, Parse question ids - perf answer
javax.script.ScriptException: groovy.lang.MissingPropertyException: No such property: content for class: java.lang.String
	at org.codehaus.groovy.jsr223.GroovyScriptEngineImpl.eval(GroovyScriptEngineImpl.java:320) ~[groovy-jsr223-3.0.20.jar:3.0.20]
	at org.codehaus.groovy.jsr223.GroovyCompiledScript.eval(GroovyCompiledScript.java:71) ~[groovy-jsr223-3.0.20.jar:3.0.20]
	at java.scripting/javax.script.CompiledScript.eval(CompiledScript.java:93) ~[java.scripting:?]
	at org.apache.jmeter.util.JSR223TestElement.processFileOrScript(JSR223TestElement.java:230) ~[ApacheJMeter_core.jar:5.6.3]
	at org.apache.jmeter.extractor.JSR223PostProcessor.process(JSR223PostProcessor.java:45) ~[ApacheJMeter_components.jar:5.6.3]
	at org.apache.jmeter.threads.JMeterThread.runPostProcessors(JMeterThread.java:973) ~[ApacheJMeter_core.jar:5.6.3]
	at org.apache.jmeter.threads.JMeterThread.executeSamplePackage(JMeterThread.java:585) ~[ApacheJMeter_core.jar:5.6.3]
	at org.apache.jmeter.threads.JMeterThread.processSampler(JMeterThread.java:501) ~[ApacheJMeter_core.jar:5.6.3]
	at org.apache.jmeter.threads.JMeterThread.run(JMeterThread.java:268) ~[ApacheJMeter_core.jar:5.6.3]
	at java.base/java.lang.Thread.run(Thread.java:1583) [?:?]
Caused by: groovy.lang.MissingPropertyException: No such property: content for class: java.lang.String
	at org.codehaus.groovy.runtime.ScriptBytecodeAdapter.unwrap(ScriptBytecodeAdapter.java:65) ~[groovy-3.0.20.jar:3.0.20]
	at org.codehaus.groovy.runtime.callsite.GetEffectivePojoPropertySite.getProperty(GetEffectivePojoPropertySite.java:65) ~[groovy-3.0.20.jar:3.0.20]
	at org.codehaus.groovy.runtime.callsite.AbstractCallSite.callGetProperty(AbstractCallSite.java:329) ~[groovy-3.0.20.jar:3.0.20]
	at org.codehaus.groovy.runtime.callsite.AbstractCallSite.callGetPropertySafe(AbstractCallSite.java:448) ~[groovy-3.0.20.jar:3.0.20]
	at Script9.run(Script9.groovy:4) ~[?:?]
	at org.codehaus.groovy.jsr223.GroovyScriptEngineImpl.eval(GroovyScriptEngineImpl.java:317) ~[groovy-jsr223-3.0.20.jar:3.0.20]
	... 9 more
2026-03-17 19:41:19,534 ERROR o.a.j.e.JSR223PostProcessor: Problem in JSR223 script, Parse question ids - perf answer
javax.script.ScriptException: groovy.lang.MissingPropertyException: No such property: content for class: java.lang.String
	at org.codehaus.groovy.jsr223.GroovyScriptEngineImpl.eval(GroovyScriptEngineImpl.java:320) ~[groovy-jsr223-3.0.20.jar:3.0.20]
	at org.codehaus.groovy.jsr223.GroovyCompiledScript.eval(GroovyCompiledScript.java:71) ~[groovy-jsr223-3.0.20.jar:3.0.20]
	at java.scripting/javax.script.CompiledScript.eval(CompiledScript.java:93) ~[java.scripting:?]
	at org.apache.jmeter.util.JSR223TestElement.processFileOrScript(JSR223TestElement.java:230) ~[ApacheJMeter_core.jar:5.6.3]
	at org.apache.jmeter.extractor.JSR223PostProcessor.process(JSR223PostProcessor.java:45) ~[ApacheJMeter_components.jar:5.6.3]
	at org.apache.jmeter.threads.JMeterThread.runPostProcessors(JMeterThread.java:973) ~[ApacheJMeter_core.jar:5.6.3]
	at org.apache.jmeter.threads.JMeterThread.executeSamplePackage(JMeterThread.java:585) ~[ApacheJMeter_core.jar:5.6.3]
	at org.apache.jmeter.threads.JMeterThread.processSampler(JMeterThread.java:501) ~[ApacheJMeter_core.jar:5.6.3]
	at org.apache.jmeter.threads.JMeterThread.run(JMeterThread.java:268) ~[ApacheJMeter_core.jar:5.6.3]
	at java.base/java.lang.Thread.run(Thread.java:1583) [?:?]
Caused by: groovy.lang.MissingPropertyException: No such property: content for class: java.lang.String
	at org.codehaus.groovy.runtime.ScriptBytecodeAdapter.unwrap(ScriptBytecodeAdapter.java:65) ~[groovy-3.0.20.jar:3.0.20]
	at org.codehaus.groovy.runtime.callsite.GetEffectivePojoPropertySite.getProperty(GetEffectivePojoPropertySite.java:65) ~[groovy-3.0.20.jar:3.0.20]
	at org.codehaus.groovy.runtime.callsite.AbstractCallSite.callGetProperty(AbstractCallSite.java:329) ~[groovy-3.0.20.jar:3.0.20]
	at org.codehaus.groovy.runtime.callsite.AbstractCallSite.callGetPropertySafe(AbstractCallSite.java:448) ~[groovy-3.0.20.jar:3.0.20]
	at Script9.run(Script9.groovy:4) ~[?:?]
	at org.codehaus.groovy.jsr223.GroovyScriptEngineImpl.eval(GroovyScriptEngineImpl.java:317) ~[groovy-jsr223-3.0.20.jar:3.0.20]
	... 9 more
2026-03-17 19:41:19,701 ERROR o.a.j.e.JSR223PostProcessor: Problem in JSR223 script, Parse question ids - perf answer
javax.script.ScriptException: groovy.lang.MissingPropertyException: No such property: content for class: java.lang.String
	at org.codehaus.groovy.jsr223.GroovyScriptEngineImpl.eval(GroovyScriptEngineImpl.java:320) ~[groovy-jsr223-3.0.20.jar:3.0.20]
	at org.codehaus.groovy.jsr223.GroovyCompiledScript.eval(GroovyCompiledScript.java:71) ~[groovy-jsr223-3.0.20.jar:3.0.20]
	at java.scripting/javax.script.CompiledScript.eval(CompiledScript.java:93) ~[java.scripting:?]
	at org.apache.jmeter.util.JSR223TestElement.processFileOrScript(JSR223TestElement.java:230) ~[ApacheJMeter_core.jar:5.6.3]
	at org.apache.jmeter.extractor.JSR223PostProcessor.process(JSR223PostProcessor.java:45) ~[ApacheJMeter_components.jar:5.6.3]
	at org.apache.jmeter.threads.JMeterThread.runPostProcessors(JMeterThread.java:973) ~[ApacheJMeter_core.jar:5.6.3]
	at org.apache.jmeter.threads.JMeterThread.executeSamplePackage(JMeterThread.java:585) ~[ApacheJMeter_core.jar:5.6.3]
	at org.apache.jmeter.threads.JMeterThread.processSampler(JMeterThread.java:501) ~[ApacheJMeter_core.jar:5.6.3]
	at org.apache.jmeter.threads.JMeterThread.run(JMeterThread.java:268) ~[ApacheJMeter_core.jar:5.6.3]
	at java.base/java.lang.Thread.run(Thread.java:1583) [?:?]
Caused by: groovy.lang.MissingPropertyException: No such property: content for class: java.lang.String
	at org.codehaus.groovy.runtime.ScriptBytecodeAdapter.unwrap(ScriptBytecodeAdapter.java:65) ~[groovy-3.0.20.jar:3.0.20]
	at org.codehaus.groovy.runtime.callsite.GetEffectivePojoPropertySite.getProperty(GetEffectivePojoPropertySite.java:65) ~[groovy-3.0.20.jar:3.0.20]
	at org.codehaus.groovy.runtime.callsite.AbstractCallSite.callGetProperty(AbstractCallSite.java:329) ~[groovy-3.0.20.jar:3.0.20]
	at org.codehaus.groovy.runtime.callsite.AbstractCallSite.callGetPropertySafe(AbstractCallSite.java:448) ~[groovy-3.0.20.jar:3.0.20]
	at Script9.run(Script9.groovy:4) ~[?:?]
	at org.codehaus.groovy.jsr223.GroovyScriptEngineImpl.eval(GroovyScriptEngineImpl.java:317) ~[groovy-jsr223-3.0.20.jar:3.0.20]
	... 9 more
2026-03-17 19:41:19,868 ERROR o.a.j.e.JSR223PostProcessor: Problem in JSR223 script, Parse question ids - perf answer
javax.script.ScriptException: groovy.lang.MissingPropertyException: No such property: content for class: java.lang.String
	at org.codehaus.groovy.jsr223.GroovyScriptEngineImpl.eval(GroovyScriptEngineImpl.java:320) ~[groovy-jsr223-3.0.20.jar:3.0.20]
	at org.codehaus.groovy.jsr223.GroovyCompiledScript.eval(GroovyCompiledScript.java:71) ~[groovy-jsr223-3.0.20.jar:3.0.20]
	at java.scripting/javax.script.CompiledScript.eval(CompiledScript.java:93) ~[java.scripting:?]
	at org.apache.jmeter.util.JSR223TestElement.processFileOrScript(JSR223TestElement.java:230) ~[ApacheJMeter_core.jar:5.6.3]
	at org.apache.jmeter.extractor.JSR223PostProcessor.process(JSR223PostProcessor.java:45) ~[ApacheJMeter_components.jar:5.6.3]
	at org.apache.jmeter.threads.JMeterThread.runPostProcessors(JMeterThread.java:973) ~[ApacheJMeter_core.jar:5.6.3]
	at org.apache.jmeter.threads.JMeterThread.executeSamplePackage(JMeterThread.java:585) ~[ApacheJMeter_core.jar:5.6.3]
	at org.apache.jmeter.threads.JMeterThread.processSampler(JMeterThread.java:501) ~[ApacheJMeter_core.jar:5.6.3]
	at org.apache.jmeter.threads.JMeterThread.run(JMeterThread.java:268) ~[ApacheJMeter_core.jar:5.6.3]
	at java.base/java.lang.Thread.run(Thread.java:1583) [?:?]
Caused by: groovy.lang.MissingPropertyException: No such property: content for class: java.lang.String
	at org.codehaus.groovy.runtime.ScriptBytecodeAdapter.unwrap(ScriptBytecodeAdapter.java:65) ~[groovy-3.0.20.jar:3.0.20]
	at org.codehaus.groovy.runtime.callsite.GetEffectivePojoPropertySite.getProperty(GetEffectivePojoPropertySite.java:65) ~[groovy-3.0.20.jar:3.0.20]
	at org.codehaus.groovy.runtime.callsite.AbstractCallSite.callGetProperty(AbstractCallSite.java:329) ~[groovy-3.0.20.jar:3.0.20]
	at org.codehaus.groovy.runtime.callsite.AbstractCallSite.callGetPropertySafe(AbstractCallSite.java:448) ~[groovy-3.0.20.jar:3.0.20]
	at Script9.run(Script9.groovy:4) ~[?:?]
	at org.codehaus.groovy.jsr223.GroovyScriptEngineImpl.eval(GroovyScriptEngineImpl.java:317) ~[groovy-jsr223-3.0.20.jar:3.0.20]
	... 9 more
2026-03-17 19:41:20,036 ERROR o.a.j.e.JSR223PostProcessor: Problem in JSR223 script, Parse question ids - perf answer
javax.script.ScriptException: groovy.lang.MissingPropertyException: No such property: content for class: java.lang.String
	at org.codehaus.groovy.jsr223.GroovyScriptEngineImpl.eval(GroovyScriptEngineImpl.java:320) ~[groovy-jsr223-3.0.20.jar:3.0.20]
	at org.codehaus.groovy.jsr223.GroovyCompiledScript.eval(GroovyCompiledScript.java:71) ~[groovy-jsr223-3.0.20.jar:3.0.20]
	at java.scripting/javax.script.CompiledScript.eval(CompiledScript.java:93) ~[java.scripting:?]
	at org.apache.jmeter.util.JSR223TestElement.processFileOrScript(JSR223TestElement.java:230) ~[ApacheJMeter_core.jar:5.6.3]
	at org.apache.jmeter.extractor.JSR223PostProcessor.process(JSR223PostProcessor.java:45) ~[ApacheJMeter_components.jar:5.6.3]
	at org.apache.jmeter.threads.JMeterThread.runPostProcessors(JMeterThread.java:973) ~[ApacheJMeter_core.jar:5.6.3]
	at org.apache.jmeter.threads.JMeterThread.executeSamplePackage(JMeterThread.java:585) ~[ApacheJMeter_core.jar:5.6.3]
	at org.apache.jmeter.threads.JMeterThread.processSampler(JMeterThread.java:501) ~[ApacheJMeter_core.jar:5.6.3]
	at org.apache.jmeter.threads.JMeterThread.run(JMeterThread.java:268) ~[ApacheJMeter_core.jar:5.6.3]
	at java.base/java.lang.Thread.run(Thread.java:1583) [?:?]
Caused by: groovy.lang.MissingPropertyException: No such property: content for class: java.lang.String
	at org.codehaus.groovy.runtime.ScriptBytecodeAdapter.unwrap(ScriptBytecodeAdapter.java:65) ~[groovy-3.0.20.jar:3.0.20]
	at org.codehaus.groovy.runtime.callsite.GetEffectivePojoPropertySite.getProperty(GetEffectivePojoPropertySite.java:65) ~[groovy-3.0.20.jar:3.0.20]
	at org.codehaus.groovy.runtime.callsite.AbstractCallSite.callGetProperty(AbstractCallSite.java:329) ~[groovy-3.0.20.jar:3.0.20]
	at org.codehaus.groovy.runtime.callsite.AbstractCallSite.callGetPropertySafe(AbstractCallSite.java:448) ~[groovy-3.0.20.jar:3.0.20]
	at Script9.run(Script9.groovy:4) ~[?:?]
	at org.codehaus.groovy.jsr223.GroovyScriptEngineImpl.eval(GroovyScriptEngineImpl.java:317) ~[groovy-jsr223-3.0.20.jar:3.0.20]
	... 9 more
2026-03-17 19:41:20,216 ERROR o.a.j.e.JSR223PostProcessor: Problem in JSR223 script, Parse question ids - perf answer
javax.script.ScriptException: groovy.lang.MissingPropertyException: No such property: content for class: java.lang.String
	at org.codehaus.groovy.jsr223.GroovyScriptEngineImpl.eval(GroovyScriptEngineImpl.java:320) ~[groovy-jsr223-3.0.20.jar:3.0.20]
	at org.codehaus.groovy.jsr223.GroovyCompiledScript.eval(GroovyCompiledScript.java:71) ~[groovy-jsr223-3.0.20.jar:3.0.20]
	at java.scripting/javax.script.CompiledScript.eval(CompiledScript.java:93) ~[java.scripting:?]
	at org.apache.jmeter.util.JSR223TestElement.processFileOrScript(JSR223TestElement.java:230) ~[ApacheJMeter_core.jar:5.6.3]
	at org.apache.jmeter.extractor.JSR223PostProcessor.process(JSR223PostProcessor.java:45) ~[ApacheJMeter_components.jar:5.6.3]
	at org.apache.jmeter.threads.JMeterThread.runPostProcessors(JMeterThread.java:973) ~[ApacheJMeter_core.jar:5.6.3]
	at org.apache.jmeter.threads.JMeterThread.executeSamplePackage(JMeterThread.java:585) ~[ApacheJMeter_core.jar:5.6.3]
	at org.apache.jmeter.threads.JMeterThread.processSampler(JMeterThread.java:501) ~[ApacheJMeter_core.jar:5.6.3]
	at org.apache.jmeter.threads.JMeterThread.run(JMeterThread.java:268) ~[ApacheJMeter_core.jar:5.6.3]
	at java.base/java.lang.Thread.run(Thread.java:1583) [?:?]
Caused by: groovy.lang.MissingPropertyException: No such property: content for class: java.lang.String
	at org.codehaus.groovy.runtime.ScriptBytecodeAdapter.unwrap(ScriptBytecodeAdapter.java:65) ~[groovy-3.0.20.jar:3.0.20]
	at org.codehaus.groovy.runtime.callsite.GetEffectivePojoPropertySite.getProperty(GetEffectivePojoPropertySite.java:65) ~[groovy-3.0.20.jar:3.0.20]
	at org.codehaus.groovy.runtime.callsite.AbstractCallSite.callGetProperty(AbstractCallSite.java:329) ~[groovy-3.0.20.jar:3.0.20]
	at org.codehaus.groovy.runtime.callsite.AbstractCallSite.callGetPropertySafe(AbstractCallSite.java:448) ~[groovy-3.0.20.jar:3.0.20]
	at Script9.run(Script9.groovy:4) ~[?:?]
	at org.codehaus.groovy.jsr223.GroovyScriptEngineImpl.eval(GroovyScriptEngineImpl.java:317) ~[groovy-jsr223-3.0.20.jar:3.0.20]
	... 9 more
2026-03-17 19:41:20,392 ERROR o.a.j.e.JSR223PostProcessor: Problem in JSR223 script, Parse question ids - perf answer
javax.script.ScriptException: groovy.lang.MissingPropertyException: No such property: content for class: java.lang.String
	at org.codehaus.groovy.jsr223.GroovyScriptEngineImpl.eval(GroovyScriptEngineImpl.java:320) ~[groovy-jsr223-3.0.20.jar:3.0.20]
	at org.codehaus.groovy.jsr223.GroovyCompiledScript.eval(GroovyCompiledScript.java:71) ~[groovy-jsr223-3.0.20.jar:3.0.20]
	at java.scripting/javax.script.CompiledScript.eval(CompiledScript.java:93) ~[java.scripting:?]
	at org.apache.jmeter.util.JSR223TestElement.processFileOrScript(JSR223TestElement.java:230) ~[ApacheJMeter_core.jar:5.6.3]
	at org.apache.jmeter.extractor.JSR223PostProcessor.process(JSR223PostProcessor.java:45) ~[ApacheJMeter_components.jar:5.6.3]
	at org.apache.jmeter.threads.JMeterThread.runPostProcessors(JMeterThread.java:973) ~[ApacheJMeter_core.jar:5.6.3]
	at org.apache.jmeter.threads.JMeterThread.executeSamplePackage(JMeterThread.java:585) ~[ApacheJMeter_core.jar:5.6.3]
	at org.apache.jmeter.threads.JMeterThread.processSampler(JMeterThread.java:501) ~[ApacheJMeter_core.jar:5.6.3]
	at org.apache.jmeter.threads.JMeterThread.run(JMeterThread.java:268) ~[ApacheJMeter_core.jar:5.6.3]
	at java.base/java.lang.Thread.run(Thread.java:1583) [?:?]
Caused by: groovy.lang.MissingPropertyException: No such property: content for class: java.lang.String
	at org.codehaus.groovy.runtime.ScriptBytecodeAdapter.unwrap(ScriptBytecodeAdapter.java:65) ~[groovy-3.0.20.jar:3.0.20]
	at org.codehaus.groovy.runtime.callsite.GetEffectivePojoPropertySite.getProperty(GetEffectivePojoPropertySite.java:65) ~[groovy-3.0.20.jar:3.0.20]
	at org.codehaus.groovy.runtime.callsite.AbstractCallSite.callGetProperty(AbstractCallSite.java:329) ~[groovy-3.0.20.jar:3.0.20]
	at org.codehaus.groovy.runtime.callsite.AbstractCallSite.callGetPropertySafe(AbstractCallSite.java:448) ~[groovy-3.0.20.jar:3.0.20]
	at Script9.run(Script9.groovy:4) ~[?:?]
	at org.codehaus.groovy.jsr223.GroovyScriptEngineImpl.eval(GroovyScriptEngineImpl.java:317) ~[groovy-jsr223-3.0.20.jar:3.0.20]
	... 9 more
2026-03-17 19:41:20,557 ERROR o.a.j.e.JSR223PostProcessor: Problem in JSR223 script, Parse question ids - perf answer
javax.script.ScriptException: groovy.lang.MissingPropertyException: No such property: content for class: java.lang.String
	at org.codehaus.groovy.jsr223.GroovyScriptEngineImpl.eval(GroovyScriptEngineImpl.java:320) ~[groovy-jsr223-3.0.20.jar:3.0.20]
	at org.codehaus.groovy.jsr223.GroovyCompiledScript.eval(GroovyCompiledScript.java:71) ~[groovy-jsr223-3.0.20.jar:3.0.20]
	at java.scripting/javax.script.CompiledScript.eval(CompiledScript.java:93) ~[java.scripting:?]
	at org.apache.jmeter.util.JSR223TestElement.processFileOrScript(JSR223TestElement.java:230) ~[ApacheJMeter_core.jar:5.6.3]
	at org.apache.jmeter.extractor.JSR223PostProcessor.process(JSR223PostProcessor.java:45) ~[ApacheJMeter_components.jar:5.6.3]
	at org.apache.jmeter.threads.JMeterThread.runPostProcessors(JMeterThread.java:973) ~[ApacheJMeter_core.jar:5.6.3]
	at org.apache.jmeter.threads.JMeterThread.executeSamplePackage(JMeterThread.java:585) ~[ApacheJMeter_core.jar:5.6.3]
	at org.apache.jmeter.threads.JMeterThread.processSampler(JMeterThread.java:501) ~[ApacheJMeter_core.jar:5.6.3]
	at org.apache.jmeter.threads.JMeterThread.run(JMeterThread.java:268) ~[ApacheJMeter_core.jar:5.6.3]
	at java.base/java.lang.Thread.run(Thread.java:1583) [?:?]
Caused by: groovy.lang.MissingPropertyException: No such property: content for class: java.lang.String
	at org.codehaus.groovy.runtime.ScriptBytecodeAdapter.unwrap(ScriptBytecodeAdapter.java:65) ~[groovy-3.0.20.jar:3.0.20]
	at org.codehaus.groovy.runtime.callsite.GetEffectivePojoPropertySite.getProperty(GetEffectivePojoPropertySite.java:65) ~[groovy-3.0.20.jar:3.0.20]
	at org.codehaus.groovy.runtime.callsite.AbstractCallSite.callGetProperty(AbstractCallSite.java:329) ~[groovy-3.0.20.jar:3.0.20]
	at org.codehaus.groovy.runtime.callsite.AbstractCallSite.callGetPropertySafe(AbstractCallSite.java:448) ~[groovy-3.0.20.jar:3.0.20]
	at Script9.run(Script9.groovy:4) ~[?:?]
	at org.codehaus.groovy.jsr223.GroovyScriptEngineImpl.eval(GroovyScriptEngineImpl.java:317) ~[groovy-jsr223-3.0.20.jar:3.0.20]
	... 9 more
2026-03-17 19:41:20,734 ERROR o.a.j.e.JSR223PostProcessor: Problem in JSR223 script, Parse question ids - perf answer
javax.script.ScriptException: groovy.lang.MissingPropertyException: No such property: content for class: java.lang.String
	at org.codehaus.groovy.jsr223.GroovyScriptEngineImpl.eval(GroovyScriptEngineImpl.java:320) ~[groovy-jsr223-3.0.20.jar:3.0.20]
	at org.codehaus.groovy.jsr223.GroovyCompiledScript.eval(GroovyCompiledScript.java:71) ~[groovy-jsr223-3.0.20.jar:3.0.20]
	at java.scripting/javax.script.CompiledScript.eval(CompiledScript.java:93) ~[java.scripting:?]
	at org.apache.jmeter.util.JSR223TestElement.processFileOrScript(JSR223TestElement.java:230) ~[ApacheJMeter_core.jar:5.6.3]
	at org.apache.jmeter.extractor.JSR223PostProcessor.process(JSR223PostProcessor.java:45) ~[ApacheJMeter_components.jar:5.6.3]
	at org.apache.jmeter.threads.JMeterThread.runPostProcessors(JMeterThread.java:973) ~[ApacheJMeter_core.jar:5.6.3]
	at org.apache.jmeter.threads.JMeterThread.executeSamplePackage(JMeterThread.java:585) ~[ApacheJMeter_core.jar:5.6.3]
	at org.apache.jmeter.threads.JMeterThread.processSampler(JMeterThread.java:501) ~[ApacheJMeter_core.jar:5.6.3]
	at org.apache.jmeter.threads.JMeterThread.run(JMeterThread.java:268) ~[ApacheJMeter_core.jar:5.6.3]
	at java.base/java.lang.Thread.run(Thread.java:1583) [?:?]
Caused by: groovy.lang.MissingPropertyException: No such property: content for class: java.lang.String
	at org.codehaus.groovy.runtime.ScriptBytecodeAdapter.unwrap(ScriptBytecodeAdapter.java:65) ~[groovy-3.0.20.jar:3.0.20]
	at org.codehaus.groovy.runtime.callsite.GetEffectivePojoPropertySite.getProperty(GetEffectivePojoPropertySite.java:65) ~[groovy-3.0.20.jar:3.0.20]
	at org.codehaus.groovy.runtime.callsite.AbstractCallSite.callGetProperty(AbstractCallSite.java:329) ~[groovy-3.0.20.jar:3.0.20]
	at org.codehaus.groovy.runtime.callsite.AbstractCallSite.callGetPropertySafe(AbstractCallSite.java:448) ~[groovy-3.0.20.jar:3.0.20]
	at Script9.run(Script9.groovy:4) ~[?:?]
	at org.codehaus.groovy.jsr223.GroovyScriptEngineImpl.eval(GroovyScriptEngineImpl.java:317) ~[groovy-jsr223-3.0.20.jar:3.0.20]
	... 9 more
2026-03-17 19:41:20,905 ERROR o.a.j.e.JSR223PostProcessor: Problem in JSR223 script, Parse question ids - perf answer
javax.script.ScriptException: groovy.lang.MissingPropertyException: No such property: content for class: java.lang.String
	at org.codehaus.groovy.jsr223.GroovyScriptEngineImpl.eval(GroovyScriptEngineImpl.java:320) ~[groovy-jsr223-3.0.20.jar:3.0.20]
	at org.codehaus.groovy.jsr223.GroovyCompiledScript.eval(GroovyCompiledScript.java:71) ~[groovy-jsr223-3.0.20.jar:3.0.20]
	at java.scripting/javax.script.CompiledScript.eval(CompiledScript.java:93) ~[java.scripting:?]
	at org.apache.jmeter.util.JSR223TestElement.processFileOrScript(JSR223TestElement.java:230) ~[ApacheJMeter_core.jar:5.6.3]
	at org.apache.jmeter.extractor.JSR223PostProcessor.process(JSR223PostProcessor.java:45) ~[ApacheJMeter_components.jar:5.6.3]
	at org.apache.jmeter.threads.JMeterThread.runPostProcessors(JMeterThread.java:973) ~[ApacheJMeter_core.jar:5.6.3]
	at org.apache.jmeter.threads.JMeterThread.executeSamplePackage(JMeterThread.java:585) ~[ApacheJMeter_core.jar:5.6.3]
	at org.apache.jmeter.threads.JMeterThread.processSampler(JMeterThread.java:501) ~[ApacheJMeter_core.jar:5.6.3]
	at org.apache.jmeter.threads.JMeterThread.run(JMeterThread.java:268) ~[ApacheJMeter_core.jar:5.6.3]
	at java.base/java.lang.Thread.run(Thread.java:1583) [?:?]
Caused by: groovy.lang.MissingPropertyException: No such property: content for class: java.lang.String
	at org.codehaus.groovy.runtime.ScriptBytecodeAdapter.unwrap(ScriptBytecodeAdapter.java:65) ~[groovy-3.0.20.jar:3.0.20]
	at org.codehaus.groovy.runtime.callsite.GetEffectivePojoPropertySite.getProperty(GetEffectivePojoPropertySite.java:65) ~[groovy-3.0.20.jar:3.0.20]
	at org.codehaus.groovy.runtime.callsite.AbstractCallSite.callGetProperty(AbstractCallSite.java:329) ~[groovy-3.0.20.jar:3.0.20]
	at org.codehaus.groovy.runtime.callsite.AbstractCallSite.callGetPropertySafe(AbstractCallSite.java:448) ~[groovy-3.0.20.jar:3.0.20]
	at Script9.run(Script9.groovy:4) ~[?:?]
	at org.codehaus.groovy.jsr223.GroovyScriptEngineImpl.eval(GroovyScriptEngineImpl.java:317) ~[groovy-jsr223-3.0.20.jar:3.0.20]
	... 9 more
2026-03-17 19:41:21,080 ERROR o.a.j.e.JSR223PostProcessor: Problem in JSR223 script, Parse question ids - perf answer
javax.script.ScriptException: groovy.lang.MissingPropertyException: No such property: content for class: java.lang.String
	at org.codehaus.groovy.jsr223.GroovyScriptEngineImpl.eval(GroovyScriptEngineImpl.java:320) ~[groovy-jsr223-3.0.20.jar:3.0.20]
	at org.codehaus.groovy.jsr223.GroovyCompiledScript.eval(GroovyCompiledScript.java:71) ~[groovy-jsr223-3.0.20.jar:3.0.20]
	at java.scripting/javax.script.CompiledScript.eval(CompiledScript.java:93) ~[java.scripting:?]
	at org.apache.jmeter.util.JSR223TestElement.processFileOrScript(JSR223TestElement.java:230) ~[ApacheJMeter_core.jar:5.6.3]
	at org.apache.jmeter.extractor.JSR223PostProcessor.process(JSR223PostProcessor.java:45) ~[ApacheJMeter_components.jar:5.6.3]
	at org.apache.jmeter.threads.JMeterThread.runPostProcessors(JMeterThread.java:973) ~[ApacheJMeter_core.jar:5.6.3]
	at org.apache.jmeter.threads.JMeterThread.executeSamplePackage(JMeterThread.java:585) ~[ApacheJMeter_core.jar:5.6.3]
	at org.apache.jmeter.threads.JMeterThread.processSampler(JMeterThread.java:501) ~[ApacheJMeter_core.jar:5.6.3]
	at org.apache.jmeter.threads.JMeterThread.run(JMeterThread.java:268) ~[ApacheJMeter_core.jar:5.6.3]
	at java.base/java.lang.Thread.run(Thread.java:1583) [?:?]
Caused by: groovy.lang.MissingPropertyException: No such property: content for class: java.lang.String
	at org.codehaus.groovy.runtime.ScriptBytecodeAdapter.unwrap(ScriptBytecodeAdapter.java:65) ~[groovy-3.0.20.jar:3.0.20]
	at org.codehaus.groovy.runtime.callsite.GetEffectivePojoPropertySite.getProperty(GetEffectivePojoPropertySite.java:65) ~[groovy-3.0.20.jar:3.0.20]
	at org.codehaus.groovy.runtime.callsite.AbstractCallSite.callGetProperty(AbstractCallSite.java:329) ~[groovy-3.0.20.jar:3.0.20]
	at org.codehaus.groovy.runtime.callsite.AbstractCallSite.callGetPropertySafe(AbstractCallSite.java:448) ~[groovy-3.0.20.jar:3.0.20]
	at Script9.run(Script9.groovy:4) ~[?:?]
	at org.codehaus.groovy.jsr223.GroovyScriptEngineImpl.eval(GroovyScriptEngineImpl.java:317) ~[groovy-jsr223-3.0.20.jar:3.0.20]
	... 9 more
2026-03-17 19:41:21,255 ERROR o.a.j.e.JSR223PostProcessor: Problem in JSR223 script, Parse question ids - perf answer
javax.script.ScriptException: groovy.lang.MissingPropertyException: No such property: content for class: java.lang.String
	at org.codehaus.groovy.jsr223.GroovyScriptEngineImpl.eval(GroovyScriptEngineImpl.java:320) ~[groovy-jsr223-3.0.20.jar:3.0.20]
	at org.codehaus.groovy.jsr223.GroovyCompiledScript.eval(GroovyCompiledScript.java:71) ~[groovy-jsr223-3.0.20.jar:3.0.20]
	at java.scripting/javax.script.CompiledScript.eval(CompiledScript.java:93) ~[java.scripting:?]
	at org.apache.jmeter.util.JSR223TestElement.processFileOrScript(JSR223TestElement.java:230) ~[ApacheJMeter_core.jar:5.6.3]
	at org.apache.jmeter.extractor.JSR223PostProcessor.process(JSR223PostProcessor.java:45) ~[ApacheJMeter_components.jar:5.6.3]
	at org.apache.jmeter.threads.JMeterThread.runPostProcessors(JMeterThread.java:973) ~[ApacheJMeter_core.jar:5.6.3]
	at org.apache.jmeter.threads.JMeterThread.executeSamplePackage(JMeterThread.java:585) ~[ApacheJMeter_core.jar:5.6.3]
	at org.apache.jmeter.threads.JMeterThread.processSampler(JMeterThread.java:501) ~[ApacheJMeter_core.jar:5.6.3]
	at org.apache.jmeter.threads.JMeterThread.run(JMeterThread.java:268) ~[ApacheJMeter_core.jar:5.6.3]
	at java.base/java.lang.Thread.run(Thread.java:1583) [?:?]
Caused by: groovy.lang.MissingPropertyException: No such property: content for class: java.lang.String
	at org.codehaus.groovy.runtime.ScriptBytecodeAdapter.unwrap(ScriptBytecodeAdapter.java:65) ~[groovy-3.0.20.jar:3.0.20]
	at org.codehaus.groovy.runtime.callsite.GetEffectivePojoPropertySite.getProperty(GetEffectivePojoPropertySite.java:65) ~[groovy-3.0.20.jar:3.0.20]
	at org.codehaus.groovy.runtime.callsite.AbstractCallSite.callGetProperty(AbstractCallSite.java:329) ~[groovy-3.0.20.jar:3.0.20]
	at org.codehaus.groovy.runtime.callsite.AbstractCallSite.callGetPropertySafe(AbstractCallSite.java:448) ~[groovy-3.0.20.jar:3.0.20]
	at Script9.run(Script9.groovy:4) ~[?:?]
	at org.codehaus.groovy.jsr223.GroovyScriptEngineImpl.eval(GroovyScriptEngineImpl.java:317) ~[groovy-jsr223-3.0.20.jar:3.0.20]
	... 9 more
2026-03-17 19:41:21,427 ERROR o.a.j.e.JSR223PostProcessor: Problem in JSR223 script, Parse question ids - perf answer
javax.script.ScriptException: groovy.lang.MissingPropertyException: No such property: content for class: java.lang.String
	at org.codehaus.groovy.jsr223.GroovyScriptEngineImpl.eval(GroovyScriptEngineImpl.java:320) ~[groovy-jsr223-3.0.20.jar:3.0.20]
	at org.codehaus.groovy.jsr223.GroovyCompiledScript.eval(GroovyCompiledScript.java:71) ~[groovy-jsr223-3.0.20.jar:3.0.20]
	at java.scripting/javax.script.CompiledScript.eval(CompiledScript.java:93) ~[java.scripting:?]
	at org.apache.jmeter.util.JSR223TestElement.processFileOrScript(JSR223TestElement.java:230) ~[ApacheJMeter_core.jar:5.6.3]
	at org.apache.jmeter.extractor.JSR223PostProcessor.process(JSR223PostProcessor.java:45) ~[ApacheJMeter_components.jar:5.6.3]
	at org.apache.jmeter.threads.JMeterThread.runPostProcessors(JMeterThread.java:973) ~[ApacheJMeter_core.jar:5.6.3]
	at org.apache.jmeter.threads.JMeterThread.executeSamplePackage(JMeterThread.java:585) ~[ApacheJMeter_core.jar:5.6.3]
	at org.apache.jmeter.threads.JMeterThread.processSampler(JMeterThread.java:501) ~[ApacheJMeter_core.jar:5.6.3]
	at org.apache.jmeter.threads.JMeterThread.run(JMeterThread.java:268) ~[ApacheJMeter_core.jar:5.6.3]
	at java.base/java.lang.Thread.run(Thread.java:1583) [?:?]
Caused by: groovy.lang.MissingPropertyException: No such property: content for class: java.lang.String
	at org.codehaus.groovy.runtime.ScriptBytecodeAdapter.unwrap(ScriptBytecodeAdapter.java:65) ~[groovy-3.0.20.jar:3.0.20]
	at org.codehaus.groovy.runtime.callsite.GetEffectivePojoPropertySite.getProperty(GetEffectivePojoPropertySite.java:65) ~[groovy-3.0.20.jar:3.0.20]
	at org.codehaus.groovy.runtime.callsite.AbstractCallSite.callGetProperty(AbstractCallSite.java:329) ~[groovy-3.0.20.jar:3.0.20]
	at org.codehaus.groovy.runtime.callsite.AbstractCallSite.callGetPropertySafe(AbstractCallSite.java:448) ~[groovy-3.0.20.jar:3.0.20]
	at Script9.run(Script9.groovy:4) ~[?:?]
	at org.codehaus.groovy.jsr223.GroovyScriptEngineImpl.eval(GroovyScriptEngineImpl.java:317) ~[groovy-jsr223-3.0.20.jar:3.0.20]
	... 9 more
2026-03-17 19:41:21,596 ERROR o.a.j.e.JSR223PostProcessor: Problem in JSR223 script, Parse question ids - perf answer
javax.script.ScriptException: groovy.lang.MissingPropertyException: No such property: content for class: java.lang.String
	at org.codehaus.groovy.jsr223.GroovyScriptEngineImpl.eval(GroovyScriptEngineImpl.java:320) ~[groovy-jsr223-3.0.20.jar:3.0.20]
	at org.codehaus.groovy.jsr223.GroovyCompiledScript.eval(GroovyCompiledScript.java:71) ~[groovy-jsr223-3.0.20.jar:3.0.20]
	at java.scripting/javax.script.CompiledScript.eval(CompiledScript.java:93) ~[java.scripting:?]
	at org.apache.jmeter.util.JSR223TestElement.processFileOrScript(JSR223TestElement.java:230) ~[ApacheJMeter_core.jar:5.6.3]
	at org.apache.jmeter.extractor.JSR223PostProcessor.process(JSR223PostProcessor.java:45) ~[ApacheJMeter_components.jar:5.6.3]
	at org.apache.jmeter.threads.JMeterThread.runPostProcessors(JMeterThread.java:973) ~[ApacheJMeter_core.jar:5.6.3]
	at org.apache.jmeter.threads.JMeterThread.executeSamplePackage(JMeterThread.java:585) ~[ApacheJMeter_core.jar:5.6.3]
	at org.apache.jmeter.threads.JMeterThread.processSampler(JMeterThread.java:501) ~[ApacheJMeter_core.jar:5.6.3]
	at org.apache.jmeter.threads.JMeterThread.run(JMeterThread.java:268) ~[ApacheJMeter_core.jar:5.6.3]
	at java.base/java.lang.Thread.run(Thread.java:1583) [?:?]
Caused by: groovy.lang.MissingPropertyException: No such property: content for class: java.lang.String
	at org.codehaus.groovy.runtime.ScriptBytecodeAdapter.unwrap(ScriptBytecodeAdapter.java:65) ~[groovy-3.0.20.jar:3.0.20]
	at org.codehaus.groovy.runtime.callsite.GetEffectivePojoPropertySite.getProperty(GetEffectivePojoPropertySite.java:65) ~[groovy-3.0.20.jar:3.0.20]
	at org.codehaus.groovy.runtime.callsite.AbstractCallSite.callGetProperty(AbstractCallSite.java:329) ~[groovy-3.0.20.jar:3.0.20]
	at org.codehaus.groovy.runtime.callsite.AbstractCallSite.callGetPropertySafe(AbstractCallSite.java:448) ~[groovy-3.0.20.jar:3.0.20]
	at Script9.run(Script9.groovy:4) ~[?:?]
	at org.codehaus.groovy.jsr223.GroovyScriptEngineImpl.eval(GroovyScriptEngineImpl.java:317) ~[groovy-jsr223-3.0.20.jar:3.0.20]
	... 9 more
2026-03-17 19:41:21,779 ERROR o.a.j.e.JSR223PostProcessor: Problem in JSR223 script, Parse question ids - perf answer
javax.script.ScriptException: groovy.lang.MissingPropertyException: No such property: content for class: java.lang.String
	at org.codehaus.groovy.jsr223.GroovyScriptEngineImpl.eval(GroovyScriptEngineImpl.java:320) ~[groovy-jsr223-3.0.20.jar:3.0.20]
	at org.codehaus.groovy.jsr223.GroovyCompiledScript.eval(GroovyCompiledScript.java:71) ~[groovy-jsr223-3.0.20.jar:3.0.20]
	at java.scripting/javax.script.CompiledScript.eval(CompiledScript.java:93) ~[java.scripting:?]
	at org.apache.jmeter.util.JSR223TestElement.processFileOrScript(JSR223TestElement.java:230) ~[ApacheJMeter_core.jar:5.6.3]
	at org.apache.jmeter.extractor.JSR223PostProcessor.process(JSR223PostProcessor.java:45) ~[ApacheJMeter_components.jar:5.6.3]
	at org.apache.jmeter.threads.JMeterThread.runPostProcessors(JMeterThread.java:973) ~[ApacheJMeter_core.jar:5.6.3]
	at org.apache.jmeter.threads.JMeterThread.executeSamplePackage(JMeterThread.java:585) ~[ApacheJMeter_core.jar:5.6.3]
	at org.apache.jmeter.threads.JMeterThread.processSampler(JMeterThread.java:501) ~[ApacheJMeter_core.jar:5.6.3]
	at org.apache.jmeter.threads.JMeterThread.run(JMeterThread.java:268) ~[ApacheJMeter_core.jar:5.6.3]
	at java.base/java.lang.Thread.run(Thread.java:1583) [?:?]
Caused by: groovy.lang.MissingPropertyException: No such property: content for class: java.lang.String
	at org.codehaus.groovy.runtime.ScriptBytecodeAdapter.unwrap(ScriptBytecodeAdapter.java:65) ~[groovy-3.0.20.jar:3.0.20]
	at org.codehaus.groovy.runtime.callsite.GetEffectivePojoPropertySite.getProperty(GetEffectivePojoPropertySite.java:65) ~[groovy-3.0.20.jar:3.0.20]
	at org.codehaus.groovy.runtime.callsite.AbstractCallSite.callGetProperty(AbstractCallSite.java:329) ~[groovy-3.0.20.jar:3.0.20]
	at org.codehaus.groovy.runtime.callsite.AbstractCallSite.callGetPropertySafe(AbstractCallSite.java:448) ~[groovy-3.0.20.jar:3.0.20]
	at Script9.run(Script9.groovy:4) ~[?:?]
	at org.codehaus.groovy.jsr223.GroovyScriptEngineImpl.eval(GroovyScriptEngineImpl.java:317) ~[groovy-jsr223-3.0.20.jar:3.0.20]
	... 9 more
2026-03-17 19:41:21,953 ERROR o.a.j.e.JSR223PostProcessor: Problem in JSR223 script, Parse question ids - perf answer
javax.script.ScriptException: groovy.lang.MissingPropertyException: No such property: content for class: java.lang.String
	at org.codehaus.groovy.jsr223.GroovyScriptEngineImpl.eval(GroovyScriptEngineImpl.java:320) ~[groovy-jsr223-3.0.20.jar:3.0.20]
	at org.codehaus.groovy.jsr223.GroovyCompiledScript.eval(GroovyCompiledScript.java:71) ~[groovy-jsr223-3.0.20.jar:3.0.20]
	at java.scripting/javax.script.CompiledScript.eval(CompiledScript.java:93) ~[java.scripting:?]
	at org.apache.jmeter.util.JSR223TestElement.processFileOrScript(JSR223TestElement.java:230) ~[ApacheJMeter_core.jar:5.6.3]
	at org.apache.jmeter.extractor.JSR223PostProcessor.process(JSR223PostProcessor.java:45) ~[ApacheJMeter_components.jar:5.6.3]
	at org.apache.jmeter.threads.JMeterThread.runPostProcessors(JMeterThread.java:973) ~[ApacheJMeter_core.jar:5.6.3]
	at org.apache.jmeter.threads.JMeterThread.executeSamplePackage(JMeterThread.java:585) ~[ApacheJMeter_core.jar:5.6.3]
	at org.apache.jmeter.threads.JMeterThread.processSampler(JMeterThread.java:501) ~[ApacheJMeter_core.jar:5.6.3]
	at org.apache.jmeter.threads.JMeterThread.run(JMeterThread.java:268) ~[ApacheJMeter_core.jar:5.6.3]
	at java.base/java.lang.Thread.run(Thread.java:1583) [?:?]
Caused by: groovy.lang.MissingPropertyException: No such property: content for class: java.lang.String
	at org.codehaus.groovy.runtime.ScriptBytecodeAdapter.unwrap(ScriptBytecodeAdapter.java:65) ~[groovy-3.0.20.jar:3.0.20]
	at org.codehaus.groovy.runtime.callsite.GetEffectivePojoPropertySite.getProperty(GetEffectivePojoPropertySite.java:65) ~[groovy-3.0.20.jar:3.0.20]
	at org.codehaus.groovy.runtime.callsite.AbstractCallSite.callGetProperty(AbstractCallSite.java:329) ~[groovy-3.0.20.jar:3.0.20]
	at org.codehaus.groovy.runtime.callsite.AbstractCallSite.callGetPropertySafe(AbstractCallSite.java:448) ~[groovy-3.0.20.jar:3.0.20]
	at Script9.run(Script9.groovy:4) ~[?:?]
	at org.codehaus.groovy.jsr223.GroovyScriptEngineImpl.eval(GroovyScriptEngineImpl.java:317) ~[groovy-jsr223-3.0.20.jar:3.0.20]
	... 9 more
2026-03-17 19:41:22,123 ERROR o.a.j.e.JSR223PostProcessor: Problem in JSR223 script, Parse question ids - perf answer
javax.script.ScriptException: groovy.lang.MissingPropertyException: No such property: content for class: java.lang.String
	at org.codehaus.groovy.jsr223.GroovyScriptEngineImpl.eval(GroovyScriptEngineImpl.java:320) ~[groovy-jsr223-3.0.20.jar:3.0.20]
	at org.codehaus.groovy.jsr223.GroovyCompiledScript.eval(GroovyCompiledScript.java:71) ~[groovy-jsr223-3.0.20.jar:3.0.20]
	at java.scripting/javax.script.CompiledScript.eval(CompiledScript.java:93) ~[java.scripting:?]
	at org.apache.jmeter.util.JSR223TestElement.processFileOrScript(JSR223TestElement.java:230) ~[ApacheJMeter_core.jar:5.6.3]
	at org.apache.jmeter.extractor.JSR223PostProcessor.process(JSR223PostProcessor.java:45) ~[ApacheJMeter_components.jar:5.6.3]
	at org.apache.jmeter.threads.JMeterThread.runPostProcessors(JMeterThread.java:973) ~[ApacheJMeter_core.jar:5.6.3]
	at org.apache.jmeter.threads.JMeterThread.executeSamplePackage(JMeterThread.java:585) ~[ApacheJMeter_core.jar:5.6.3]
	at org.apache.jmeter.threads.JMeterThread.processSampler(JMeterThread.java:501) ~[ApacheJMeter_core.jar:5.6.3]
	at org.apache.jmeter.threads.JMeterThread.run(JMeterThread.java:268) ~[ApacheJMeter_core.jar:5.6.3]
	at java.base/java.lang.Thread.run(Thread.java:1583) [?:?]
Caused by: groovy.lang.MissingPropertyException: No such property: content for class: java.lang.String
	at org.codehaus.groovy.runtime.ScriptBytecodeAdapter.unwrap(ScriptBytecodeAdapter.java:65) ~[groovy-3.0.20.jar:3.0.20]
	at org.codehaus.groovy.runtime.callsite.GetEffectivePojoPropertySite.getProperty(GetEffectivePojoPropertySite.java:65) ~[groovy-3.0.20.jar:3.0.20]
	at org.codehaus.groovy.runtime.callsite.AbstractCallSite.callGetProperty(AbstractCallSite.java:329) ~[groovy-3.0.20.jar:3.0.20]
	at org.codehaus.groovy.runtime.callsite.AbstractCallSite.callGetPropertySafe(AbstractCallSite.java:448) ~[groovy-3.0.20.jar:3.0.20]
	at Script9.run(Script9.groovy:4) ~[?:?]
	at org.codehaus.groovy.jsr223.GroovyScriptEngineImpl.eval(GroovyScriptEngineImpl.java:317) ~[groovy-jsr223-3.0.20.jar:3.0.20]
	... 9 more
2026-03-17 19:41:22,291 ERROR o.a.j.e.JSR223PostProcessor: Problem in JSR223 script, Parse question ids - perf answer
javax.script.ScriptException: groovy.lang.MissingPropertyException: No such property: content for class: java.lang.String
	at org.codehaus.groovy.jsr223.GroovyScriptEngineImpl.eval(GroovyScriptEngineImpl.java:320) ~[groovy-jsr223-3.0.20.jar:3.0.20]
	at org.codehaus.groovy.jsr223.GroovyCompiledScript.eval(GroovyCompiledScript.java:71) ~[groovy-jsr223-3.0.20.jar:3.0.20]
	at java.scripting/javax.script.CompiledScript.eval(CompiledScript.java:93) ~[java.scripting:?]
	at org.apache.jmeter.util.JSR223TestElement.processFileOrScript(JSR223TestElement.java:230) ~[ApacheJMeter_core.jar:5.6.3]
	at org.apache.jmeter.extractor.JSR223PostProcessor.process(JSR223PostProcessor.java:45) ~[ApacheJMeter_components.jar:5.6.3]
	at org.apache.jmeter.threads.JMeterThread.runPostProcessors(JMeterThread.java:973) ~[ApacheJMeter_core.jar:5.6.3]
	at org.apache.jmeter.threads.JMeterThread.executeSamplePackage(JMeterThread.java:585) ~[ApacheJMeter_core.jar:5.6.3]
	at org.apache.jmeter.threads.JMeterThread.processSampler(JMeterThread.java:501) ~[ApacheJMeter_core.jar:5.6.3]
	at org.apache.jmeter.threads.JMeterThread.run(JMeterThread.java:268) ~[ApacheJMeter_core.jar:5.6.3]
	at java.base/java.lang.Thread.run(Thread.java:1583) [?:?]
Caused by: groovy.lang.MissingPropertyException: No such property: content for class: java.lang.String
	at org.codehaus.groovy.runtime.ScriptBytecodeAdapter.unwrap(ScriptBytecodeAdapter.java:65) ~[groovy-3.0.20.jar:3.0.20]
	at org.codehaus.groovy.runtime.callsite.GetEffectivePojoPropertySite.getProperty(GetEffectivePojoPropertySite.java:65) ~[groovy-3.0.20.jar:3.0.20]
	at org.codehaus.groovy.runtime.callsite.AbstractCallSite.callGetProperty(AbstractCallSite.java:329) ~[groovy-3.0.20.jar:3.0.20]
	at org.codehaus.groovy.runtime.callsite.AbstractCallSite.callGetPropertySafe(AbstractCallSite.java:448) ~[groovy-3.0.20.jar:3.0.20]
	at Script9.run(Script9.groovy:4) ~[?:?]
	at org.codehaus.groovy.jsr223.GroovyScriptEngineImpl.eval(GroovyScriptEngineImpl.java:317) ~[groovy-jsr223-3.0.20.jar:3.0.20]
	... 9 more
2026-03-17 19:41:22,456 ERROR o.a.j.e.JSR223PostProcessor: Problem in JSR223 script, Parse question ids - perf answer
javax.script.ScriptException: groovy.lang.MissingPropertyException: No such property: content for class: java.lang.String
	at org.codehaus.groovy.jsr223.GroovyScriptEngineImpl.eval(GroovyScriptEngineImpl.java:320) ~[groovy-jsr223-3.0.20.jar:3.0.20]
	at org.codehaus.groovy.jsr223.GroovyCompiledScript.eval(GroovyCompiledScript.java:71) ~[groovy-jsr223-3.0.20.jar:3.0.20]
	at java.scripting/javax.script.CompiledScript.eval(CompiledScript.java:93) ~[java.scripting:?]
	at org.apache.jmeter.util.JSR223TestElement.processFileOrScript(JSR223TestElement.java:230) ~[ApacheJMeter_core.jar:5.6.3]
	at org.apache.jmeter.extractor.JSR223PostProcessor.process(JSR223PostProcessor.java:45) ~[ApacheJMeter_components.jar:5.6.3]
	at org.apache.jmeter.threads.JMeterThread.runPostProcessors(JMeterThread.java:973) ~[ApacheJMeter_core.jar:5.6.3]
	at org.apache.jmeter.threads.JMeterThread.executeSamplePackage(JMeterThread.java:585) ~[ApacheJMeter_core.jar:5.6.3]
	at org.apache.jmeter.threads.JMeterThread.processSampler(JMeterThread.java:501) ~[ApacheJMeter_core.jar:5.6.3]
	at org.apache.jmeter.threads.JMeterThread.run(JMeterThread.java:268) ~[ApacheJMeter_core.jar:5.6.3]
	at java.base/java.lang.Thread.run(Thread.java:1583) [?:?]
Caused by: groovy.lang.MissingPropertyException: No such property: content for class: java.lang.String
	at org.codehaus.groovy.runtime.ScriptBytecodeAdapter.unwrap(ScriptBytecodeAdapter.java:65) ~[groovy-3.0.20.jar:3.0.20]
	at org.codehaus.groovy.runtime.callsite.GetEffectivePojoPropertySite.getProperty(GetEffectivePojoPropertySite.java:65) ~[groovy-3.0.20.jar:3.0.20]
	at org.codehaus.groovy.runtime.callsite.AbstractCallSite.callGetProperty(AbstractCallSite.java:329) ~[groovy-3.0.20.jar:3.0.20]
	at org.codehaus.groovy.runtime.callsite.AbstractCallSite.callGetPropertySafe(AbstractCallSite.java:448) ~[groovy-3.0.20.jar:3.0.20]
	at Script9.run(Script9.groovy:4) ~[?:?]
	at org.codehaus.groovy.jsr223.GroovyScriptEngineImpl.eval(GroovyScriptEngineImpl.java:317) ~[groovy-jsr223-3.0.20.jar:3.0.20]
	... 9 more
2026-03-17 19:41:22,598 INFO o.a.j.t.JMeterThread: Stopping because end time detected by thread: TG-05 Perf-saveQuestionAnswer-Focus 5-1
2026-03-17 19:41:22,598 INFO o.a.j.t.JMeterThread: Thread finished: TG-05 Perf-saveQuestionAnswer-Focus 5-1
2026-03-17 19:41:22,600 INFO o.a.j.e.StandardJMeterEngine: Notifying test listeners of end of test
2026-03-17 19:41:22,600 INFO o.a.j.s.FileServer: Close: jmeter/data/accounts.csv
2026-03-17 19:41:22,605 INFO o.a.j.r.Summariser: summary =    255 in 00:00:08 =   30.5/s Avg:    28 Min:     0 Max:   354 Err:   207 (81.18%)
